ffmpeg version 3.3.3 Copyright (c) 2000-2017 the FFmpeg developers
  built with gcc 7.1.0 (GCC)
  configuration: --enable-gpl --enable-version3 --enable-cuda --enable-cuvid --enable-d3d11va --enable-dxva2 --enable-libmfx --enable-nvenc --enable-avisynth --enable-bzlib --enable-fontconfig --enable-frei0r --enable-gnutls --enable-iconv --enable-libass --enable-libbluray --enable-libbs2b --enable-libcaca --enable-libfreetype --enable-libgme --enable-libgsm --enable-libilbc --enable-libmodplug --enable-libmp3lame --enable-libopencore-amrnb --enable-libopencore-amrwb --enable-libopenh264 --enable-libopenjpeg --enable-libopus --enable-librtmp --enable-libsnappy --enable-libsoxr --enable-libspeex --enable-libtheora --enable-libtwolame --enable-libvidstab --enable-libvo-amrwbenc --enable-libvorbis --enable-libvpx --enable-libwavpack --enable-libwebp --enable-libx264 --enable-libx265 --enable-libxavs --enable-libxvid --enable-libzimg --enable-lzma --enable-zlib
  libavutil      55. 58.100 / 55. 58.100
  libavcodec     57. 89.100 / 57. 89.100
  libavformat    57. 71.100 / 57. 71.100
  libavdevice    57.  6.100 / 57.  6.100
  libavfilter     6. 82.100 /  6. 82.100
  libswscale      4.  6.100 /  4.  6.100
  libswresample   2.  7.100 /  2.  7.100
  libpostproc    54.  5.100 / 54.  5.100
Splitting the commandline.
Reading option '-v' ... matched as option 'v' (set logging level) with argument 'debug'.
Reading option '-nostdin' ... matched as option 'stdin' (enable or disable interaction on standard input) with argument 0.
Reading option '-progress' ... matched as option 'progress' (write program-readable progress information) with argument 'C:/Users/Dr.Seuss/AppData/Local/Temp/KritaFFmpegProgress.ko2400'.
Reading option '-r' ... matched as option 'r' (set frame rate (Hz value, fraction or abbreviation)) with argument '24'.
Reading option '-start_number' ... matched as AVOption 'start_number' with argument '0'.
Reading option '-i' ... matched as input url with argument 'C:/Users/Dr.Seuss/Documents/School/Cmpt 276/local/animations/Renders/Enemy/Wood/Big/Animated/frame%04d.png'.
Reading option '-vf' ... matched as option 'vf' (set video filters) with argument 'palettegen'.
Reading option '-y' ... matched as option 'y' (overwrite output files) with argument '1'.
Reading option 'C:/Users/Dr.Seuss/Documents/School/Cmpt 276/local/animations/Renders/Enemy/Wood/Big/Animated/palette.png' ... matched as output url.
Finished splitting the commandline.
Parsing a group of options: global .
Applying option v (set logging level) with argument debug.
Applying option nostdin (enable or disable interaction on standard input) with argument 0.
Applying option progress (write program-readable progress information) with argument C:/Users/Dr.Seuss/AppData/Local/Temp/KritaFFmpegProgress.ko2400.
[file @ 000000000059a960] Setting default whitelist 'file,crypto'
Applying option y (overwrite output files) with argument 1.
Successfully parsed a group of options.
Parsing a group of options: input url C:/Users/Dr.Seuss/Documents/School/Cmpt 276/local/animations/Renders/Enemy/Wood/Big/Animated/frame%04d.png.
Applying option r (set frame rate (Hz value, fraction or abbreviation)) with argument 24.
Successfully parsed a group of options.
Opening an input file: C:/Users/Dr.Seuss/Documents/School/Cmpt 276/local/animations/Renders/Enemy/Wood/Big/Animated/frame%04d.png.
[image2 @ 00000000005a3100] Opening 'C:/Users/Dr.Seuss/Documents/School/Cmpt 276/local/animations/Renders/Enemy/Wood/Big/Animated/frame0000.png' for reading
[file @ 000000000051ae60] Setting default whitelist 'file,crypto'
[AVIOContext @ 00000000005abfe0] Statistics: 29001 bytes read, 0 seeks
[image2 @ 00000000005a3100] Opening 'C:/Users/Dr.Seuss/Documents/School/Cmpt 276/local/animations/Renders/Enemy/Wood/Big/Animated/frame0001.png' for reading
[file @ 00000000005b3380] Setting default whitelist 'file,crypto'
[AVIOContext @ 00000000005abfe0] Statistics: 28856 bytes read, 0 seeks
[image2 @ 00000000005a3100] Opening 'C:/Users/Dr.Seuss/Documents/School/Cmpt 276/local/animations/Renders/Enemy/Wood/Big/Animated/frame0002.png' for reading
[file @ 0000000002806b40] Setting default whitelist 'file,crypto'
[AVIOContext @ 00000000005abfe0] Statistics: 28732 bytes read, 0 seeks
[image2 @ 00000000005a3100] Opening 'C:/Users/Dr.Seuss/Documents/School/Cmpt 276/local/animations/Renders/Enemy/Wood/Big/Animated/frame0003.png' for reading
[file @ 0000000002806ca0] Setting default whitelist 'file,crypto'
[AVIOContext @ 00000000005abfe0] Statistics: 28660 bytes read, 0 seeks
[image2 @ 00000000005a3100] Opening 'C:/Users/Dr.Seuss/Documents/School/Cmpt 276/local/animations/Renders/Enemy/Wood/Big/Animated/frame0004.png' for reading
[file @ 0000000002806de0] Setting default whitelist 'file,crypto'
[AVIOContext @ 00000000005abfe0] Statistics: 28393 bytes read, 0 seeks
[image2 @ 00000000005a3100] Opening 'C:/Users/Dr.Seuss/Documents/School/Cmpt 276/local/animations/Renders/Enemy/Wood/Big/Animated/frame0005.png' for reading
[file @ 0000000002806f40] Setting default whitelist 'file,crypto'
[AVIOContext @ 00000000005abfe0] Statistics: 28260 bytes read, 0 seeks
[image2 @ 00000000005a3100] Opening 'C:/Users/Dr.Seuss/Documents/School/Cmpt 276/local/animations/Renders/Enemy/Wood/Big/Animated/frame0006.png' for reading
[file @ 0000000002807080] Setting default whitelist 'file,crypto'
[AVIOContext @ 00000000005abfe0] Statistics: 27965 bytes read, 0 seeks
[image2 @ 00000000005a3100] Opening 'C:/Users/Dr.Seuss/Documents/School/Cmpt 276/local/animations/Renders/Enemy/Wood/Big/Animated/frame0007.png' for reading
[file @ 00000000028071e0] Setting default whitelist 'file,crypto'
[AVIOContext @ 00000000005abfe0] Statistics: 27818 bytes read, 0 seeks
[image2 @ 00000000005a3100] Opening 'C:/Users/Dr.Seuss/Documents/School/Cmpt 276/local/animations/Renders/Enemy/Wood/Big/Animated/frame0008.png' for reading
[file @ 0000000002807260] Setting default whitelist 'file,crypto'
[AVIOContext @ 00000000005abfe0] Statistics: 27701 bytes read, 0 seeks
[image2 @ 00000000005a3100] Opening 'C:/Users/Dr.Seuss/Documents/School/Cmpt 276/local/animations/Renders/Enemy/Wood/Big/Animated/frame0009.png' for reading
[file @ 00000000028073c0] Setting default whitelist 'file,crypto'
[AVIOContext @ 00000000005abfe0] Statistics: 27964 bytes read, 0 seeks
[image2 @ 00000000005a3100] Opening 'C:/Users/Dr.Seuss/Documents/School/Cmpt 276/local/animations/Renders/Enemy/Wood/Big/Animated/frame0010.png' for reading
[file @ 0000000002807460] Setting default whitelist 'file,crypto'
[AVIOContext @ 00000000005abfe0] Statistics: 28268 bytes read, 0 seeks
[image2 @ 00000000005a3100] Opening 'C:/Users/Dr.Seuss/Documents/School/Cmpt 276/local/animations/Renders/Enemy/Wood/Big/Animated/frame0011.png' for reading
[file @ 00000000028075c0] Setting default whitelist 'file,crypto'
[AVIOContext @ 00000000005abfe0] Statistics: 28225 bytes read, 0 seeks
[image2 @ 00000000005a3100] Opening 'C:/Users/Dr.Seuss/Documents/School/Cmpt 276/local/animations/Renders/Enemy/Wood/Big/Animated/frame0012.png' for reading
[file @ 0000000002807640] Setting default whitelist 'file,crypto'
[AVIOContext @ 00000000005abfe0] Statistics: 28681 bytes read, 0 seeks
[image2 @ 00000000005a3100] Opening 'C:/Users/Dr.Seuss/Documents/School/Cmpt 276/local/animations/Renders/Enemy/Wood/Big/Animated/frame0013.png' for reading
[file @ 00000000028077a0] Setting default whitelist 'file,crypto'
[AVIOContext @ 00000000005abfe0] Statistics: 28767 bytes read, 0 seeks
[image2 @ 00000000005a3100] Opening 'C:/Users/Dr.Seuss/Documents/School/Cmpt 276/local/animations/Renders/Enemy/Wood/Big/Animated/frame0014.png' for reading
[file @ 00000000028077a0] Setting default whitelist 'file,crypto'
[AVIOContext @ 00000000005abfe0] Statistics: 28699 bytes read, 0 seeks
[image2 @ 00000000005a3100] Opening 'C:/Users/Dr.Seuss/Documents/School/Cmpt 276/local/animations/Renders/Enemy/Wood/Big/Animated/frame0015.png' for reading
[file @ 00000000028077a0] Setting default whitelist 'file,crypto'
[AVIOContext @ 00000000005abfe0] Statistics: 28874 bytes read, 0 seeks
[image2 @ 00000000005a3100] Opening 'C:/Users/Dr.Seuss/Documents/School/Cmpt 276/local/animations/Renders/Enemy/Wood/Big/Animated/frame0016.png' for reading
[file @ 000000000061fd00] Setting default whitelist 'file,crypto'
[AVIOContext @ 00000000005abfe0] Statistics: 29040 bytes read, 0 seeks
[image2 @ 00000000005a3100] Opening 'C:/Users/Dr.Seuss/Documents/School/Cmpt 276/local/animations/Renders/Enemy/Wood/Big/Animated/frame0017.png' for reading
[file @ 000000000061fd00] Setting default whitelist 'file,crypto'
[AVIOContext @ 00000000005abfe0] Statistics: 28805 bytes read, 0 seeks
[image2 @ 00000000005a3100] Opening 'C:/Users/Dr.Seuss/Documents/School/Cmpt 276/local/animations/Renders/Enemy/Wood/Big/Animated/frame0018.png' for reading
[file @ 000000000061fd00] Setting default whitelist 'file,crypto'
[AVIOContext @ 00000000005abfe0] Statistics: 28311 bytes read, 0 seeks
[image2 @ 00000000005a3100] Opening 'C:/Users/Dr.Seuss/Documents/School/Cmpt 276/local/animations/Renders/Enemy/Wood/Big/Animated/frame0019.png' for reading
[file @ 000000000061fd00] Setting default whitelist 'file,crypto'
[AVIOContext @ 00000000005abfe0] Statistics: 28348 bytes read, 0 seeks
[image2 @ 00000000005a3100] Opening 'C:/Users/Dr.Seuss/Documents/School/Cmpt 276/local/animations/Renders/Enemy/Wood/Big/Animated/frame0020.png' for reading
[file @ 000000000061fd00] Setting default whitelist 'file,crypto'
[AVIOContext @ 00000000005abfe0] Statistics: 28002 bytes read, 0 seeks
[image2 @ 00000000005a3100] Opening 'C:/Users/Dr.Seuss/Documents/School/Cmpt 276/local/animations/Renders/Enemy/Wood/Big/Animated/frame0021.png' for reading
[file @ 000000000061fd00] Setting default whitelist 'file,crypto'
[AVIOContext @ 00000000005abfe0] Statistics: 27688 bytes read, 0 seeks
[image2 @ 00000000005a3100] Opening 'C:/Users/Dr.Seuss/Documents/School/Cmpt 276/local/animations/Renders/Enemy/Wood/Big/Animated/frame0022.png' for reading
[file @ 000000000061fd00] Setting default whitelist 'file,crypto'
[AVIOContext @ 00000000005abfe0] Statistics: 27159 bytes read, 0 seeks
[image2 @ 00000000005a3100] Opening 'C:/Users/Dr.Seuss/Documents/School/Cmpt 276/local/animations/Renders/Enemy/Wood/Big/Animated/frame0023.png' for reading
[file @ 000000000061fd00] Setting default whitelist 'file,crypto'
[AVIOContext @ 00000000005abfe0] Statistics: 27118 bytes read, 0 seeks
[image2 @ 00000000005a3100] Opening 'C:/Users/Dr.Seuss/Documents/School/Cmpt 276/local/animations/Renders/Enemy/Wood/Big/Animated/frame0024.png' for reading
[file @ 000000000061fd00] Setting default whitelist 'file,crypto'
[AVIOContext @ 00000000005abfe0] Statistics: 26505 bytes read, 0 seeks
[image2 @ 00000000005a3100] Opening 'C:/Users/Dr.Seuss/Documents/School/Cmpt 276/local/animations/Renders/Enemy/Wood/Big/Animated/frame0025.png' for reading
[file @ 000000000061fd00] Setting default whitelist 'file,crypto'
[AVIOContext @ 00000000005abfe0] Statistics: 27162 bytes read, 0 seeks
[image2 @ 00000000005a3100] Opening 'C:/Users/Dr.Seuss/Documents/School/Cmpt 276/local/animations/Renders/Enemy/Wood/Big/Animated/frame0026.png' for reading
[file @ 000000000061fd00] Setting default whitelist 'file,crypto'
[AVIOContext @ 00000000005abfe0] Statistics: 27840 bytes read, 0 seeks
[image2 @ 00000000005a3100] Opening 'C:/Users/Dr.Seuss/Documents/School/Cmpt 276/local/animations/Renders/Enemy/Wood/Big/Animated/frame0027.png' for reading
[file @ 000000000061fd00] Setting default whitelist 'file,crypto'
[AVIOContext @ 00000000005abfe0] Statistics: 27879 bytes read, 0 seeks
[image2 @ 00000000005a3100] Opening 'C:/Users/Dr.Seuss/Documents/School/Cmpt 276/local/animations/Renders/Enemy/Wood/Big/Animated/frame0028.png' for reading
[file @ 000000000061fd00] Setting default whitelist 'file,crypto'
[AVIOContext @ 00000000005abfe0] Statistics: 28194 bytes read, 0 seeks
[image2 @ 00000000005a3100] Opening 'C:/Users/Dr.Seuss/Documents/School/Cmpt 276/local/animations/Renders/Enemy/Wood/Big/Animated/frame0029.png' for reading
[file @ 000000000061fd00] Setting default whitelist 'file,crypto'
[AVIOContext @ 00000000005abfe0] Statistics: 28365 bytes read, 0 seeks
[image2 @ 00000000005a3100] Opening 'C:/Users/Dr.Seuss/Documents/School/Cmpt 276/local/animations/Renders/Enemy/Wood/Big/Animated/frame0030.png' for reading
[file @ 000000000061fd00] Setting default whitelist 'file,crypto'
[AVIOContext @ 00000000005abfe0] Statistics: 28748 bytes read, 0 seeks
[image2 @ 00000000005a3100] Opening 'C:/Users/Dr.Seuss/Documents/School/Cmpt 276/local/animations/Renders/Enemy/Wood/Big/Animated/frame0031.png' for reading
[file @ 000000000061fd00] Setting default whitelist 'file,crypto'
[AVIOContext @ 00000000005abfe0] Statistics: 29298 bytes read, 0 seeks
Input #0, image2, from 'C:/Users/Dr.Seuss/Documents/School/Cmpt 276/local/animations/Renders/Enemy/Wood/Big/Animated/frame%04d.png':
  Duration: 00:00:01.28, start: 0.000000, bitrate: N/A
    Stream #0:0, 32, 1/25: Video: png, 1 reference frame, rgba(pc), 500x500 [SAR 11811:11811 DAR 1:1], 0/1, 25 fps, 25 tbr, 25 tbn, 25 tbc
Successfully opened the file.
Parsing a group of options: output url C:/Users/Dr.Seuss/Documents/School/Cmpt 276/local/animations/Renders/Enemy/Wood/Big/Animated/palette.png.
Applying option vf (set video filters) with argument palettegen.
Successfully parsed a group of options.
Opening an output file: C:/Users/Dr.Seuss/Documents/School/Cmpt 276/local/animations/Renders/Enemy/Wood/Big/Animated/palette.png.
Successfully opened the file.
detected 8 logical cores
Stream mapping:
  Stream #0:0 -> #0:0 (png (native) -> png (native))
cur_dts is invalid (this is harmless if it occurs once at the start per stream)
    Last message repeated 8 times
[graph 0 input from stream 0:0 @ 0000000002806da0] Setting 'video_size' to value '500x500'
[graph 0 input from stream 0:0 @ 0000000002806da0] Setting 'pix_fmt' to value '28'
[graph 0 input from stream 0:0 @ 0000000002806da0] Setting 'time_base' to value '1/24'
[graph 0 input from stream 0:0 @ 0000000002806da0] Setting 'pixel_aspect' to value '11811/11811'
[graph 0 input from stream 0:0 @ 0000000002806da0] Setting 'sws_param' to value 'flags=2'
[graph 0 input from stream 0:0 @ 0000000002806da0] Setting 'frame_rate' to value '24/1'
[graph 0 input from stream 0:0 @ 0000000002806da0] w:500 h:500 pixfmt:rgba tb:1/24 fr:24/1 sar:11811/11811 sws_param:flags=2
[format @ 00000000005a8060] compat: called with args=[rgb24|rgba|rgb48be|rgba64be|pal8|gray|ya8|gray16be|ya16be|monob]
[format @ 00000000005a8060] Setting 'pix_fmts' to value 'rgb24|rgba|rgb48be|rgba64be|pal8|gray|ya8|gray16be|ya16be|monob'
[auto_scaler_0 @ 000000000273e4c0] Setting 'flags' to value 'bicubic'
[auto_scaler_0 @ 000000000273e4c0] w:iw h:ih flags:'bicubic' interl:0
[Parsed_palettegen_0 @ 0000000002806ee0] auto-inserting filter 'auto_scaler_0' between the filter 'graph 0 input from stream 0:0' and the filter 'Parsed_palettegen_0'
[auto_scaler_1 @ 0000000002752320] Setting 'flags' to value 'bicubic'
[auto_scaler_1 @ 0000000002752320] w:iw h:ih flags:'bicubic' interl:0
[format @ 00000000005a8060] auto-inserting filter 'auto_scaler_1' between the filter 'Parsed_palettegen_0' and the filter 'format'
[AVFilterGraph @ 000000000060f780] query_formats: 4 queried, 1 merged, 2 already done, 0 delayed
[auto_scaler_1 @ 0000000002752320] picking rgba out of 9 ref:bgra alpha:1
[swscaler @ 00000000027ee140] Forcing full internal H chroma due to input having non subsampled chroma
[auto_scaler_0 @ 000000000273e4c0] w:500 h:500 fmt:rgba sar:11811/11811 -> w:500 h:500 fmt:bgra sar:1/1 flags:0x4
[swscaler @ 0000000003eecfc0] Forcing full internal H chroma due to input having non subsampled chroma
[auto_scaler_1 @ 0000000002752320] w:16 h:16 fmt:bgra sar:1/1 -> w:16 h:16 fmt:rgba sar:1/1 flags:0x4
Output #0, image2, to 'C:/Users/Dr.Seuss/Documents/School/Cmpt 276/local/animations/Renders/Enemy/Wood/Big/Animated/palette.png':
  Metadata:
    encoder         : Lavf57.71.100
    Stream #0:0, 0, 1/24: Video: png, 1 reference frame, rgba, 16x16 [SAR 1:1 DAR 1:1], 0/1, q=2-31, 200 kb/s, 24 fps, 24 tbn, 24 tbc
    Metadata:
      encoder         : Lavc57.89.100 png
cur_dts is invalid (this is harmless if it occurs once at the start per stream)
    Last message repeated 31 times
[Parsed_palettegen_0 @ 0000000002806ee0] 255(+1) colors generated out of 423 colors; ratio=0.602837
[Parsed_palettegen_0 @ 0000000002806ee0] Dupped color: FF000000
    Last message repeated 3 times
[Parsed_palettegen_0 @ 0000000002806ee0] Dupped color: FF010000
[Parsed_palettegen_0 @ 0000000002806ee0] Dupped color: FF010100
[Parsed_palettegen_0 @ 0000000002806ee0] Dupped color: FF020100
[Parsed_palettegen_0 @ 0000000002806ee0] Dupped color: FF030100
[Parsed_palettegen_0 @ 0000000002806ee0] Dupped color: FF050200
[Parsed_palettegen_0 @ 0000000002806ee0] Dupped color: FF050300
[Parsed_palettegen_0 @ 0000000002806ee0] Dupped color: FF060300
[Parsed_palettegen_0 @ 0000000002806ee0] Dupped color: FF0A0500
[Parsed_palettegen_0 @ 0000000002806ee0] Dupped color: FF0D0600
[Parsed_palettegen_0 @ 0000000002806ee0] Dupped color: FF140900
[Parsed_palettegen_0 @ 0000000002806ee0] Dupped color: FF221000
[Parsed_palettegen_0 @ 0000000002806ee0] Dupped color: FF311700
[Parsed_palettegen_0 @ 0000000002806ee0] Dupped color: FF4B2300
[swscaler @ 0000000003eecfc0] Forcing full internal H chroma due to input having non subsampled chroma
[auto_scaler_1 @ 0000000002752320] w:16 h:16 fmt:bgra sar:0/1 -> w:16 h:16 fmt:rgba sar:0/1 flags:0x4
cur_dts is invalid (this is harmless if it occurs once at the start per stream)
Clipping frame in rate conversion by 0.000008
cur_dts is invalid (this is harmless if it occurs once at the start per stream)
[out_0_0 @ 00000000005b3380] EOF on sink link out_0_0:default.
No more output streams to write to, finishing.
[image2 @ 00000000005b3580] Opening 'C:/Users/Dr.Seuss/Documents/School/Cmpt 276/local/animations/Renders/Enemy/Wood/Big/Animated/palette.png' for writing
[file @ 00000000027438a0] Setting default whitelist 'file,crypto'
[AVIOContext @ 00000000028049e0] Statistics: 0 seeks, 1 writeouts
frame=    1 fps=0.0 q=-0.0 Lsize=N/A time=00:00:00.04 bitrate=N/A speed=0.508x    
[AVIOContext @ 00000000005a2fe0] Statistics: 0 seeks, 1 writeouts
video:1kB audio:0kB subtitle:0kB other streams:0kB global headers:0kB muxing overhead: unknown
Input file #0 (C:/Users/Dr.Seuss/Documents/School/Cmpt 276/local/animations/Renders/Enemy/Wood/Big/Animated/frame%04d.png):
  Input stream #0:0 (video): 32 packets read (903326 bytes); 32 frames decoded; 
  Total: 32 packets (903326 bytes) demuxed
Output file #0 (C:/Users/Dr.Seuss/Documents/School/Cmpt 276/local/animations/Renders/Enemy/Wood/Big/Animated/palette.png):
  Output stream #0:0 (video): 1 frames encoded; 1 packets muxed (822 bytes); 
  Total: 1 packets (822 bytes) muxed
32 frames successfully decoded, 0 decoding errors
