ffmpeg version 3.3.3 Copyright (c) 2000-2017 the FFmpeg developers
  built with gcc 7.1.0 (GCC)
  configuration: --enable-gpl --enable-version3 --enable-cuda --enable-cuvid --enable-d3d11va --enable-dxva2 --enable-libmfx --enable-nvenc --enable-avisynth --enable-bzlib --enable-fontconfig --enable-frei0r --enable-gnutls --enable-iconv --enable-libass --enable-libbluray --enable-libbs2b --enable-libcaca --enable-libfreetype --enable-libgme --enable-libgsm --enable-libilbc --enable-libmodplug --enable-libmp3lame --enable-libopencore-amrnb --enable-libopencore-amrwb --enable-libopenh264 --enable-libopenjpeg --enable-libopus --enable-librtmp --enable-libsnappy --enable-libsoxr --enable-libspeex --enable-libtheora --enable-libtwolame --enable-libvidstab --enable-libvo-amrwbenc --enable-libvorbis --enable-libvpx --enable-libwavpack --enable-libwebp --enable-libx264 --enable-libx265 --enable-libxavs --enable-libxvid --enable-libzimg --enable-lzma --enable-zlib
  libavutil      55. 58.100 / 55. 58.100
  libavcodec     57. 89.100 / 57. 89.100
  libavformat    57. 71.100 / 57. 71.100
  libavdevice    57.  6.100 / 57.  6.100
  libavfilter     6. 82.100 /  6. 82.100
  libswscale      4.  6.100 /  4.  6.100
  libswresample   2.  7.100 /  2.  7.100
  libpostproc    54.  5.100 / 54.  5.100
Splitting the commandline.
Reading option '-v' ... matched as option 'v' (set logging level) with argument 'debug'.
Reading option '-nostdin' ... matched as option 'stdin' (enable or disable interaction on standard input) with argument 0.
Reading option '-progress' ... matched as option 'progress' (write program-readable progress information) with argument 'C:/Users/Dr.Seuss/AppData/Local/Temp/KritaFFmpegProgress.TQ2296'.
Reading option '-r' ... matched as option 'r' (set frame rate (Hz value, fraction or abbreviation)) with argument '20'.
Reading option '-start_number' ... matched as AVOption 'start_number' with argument '0'.
Reading option '-i' ... matched as input url with argument 'C:/Users/Dr.Seuss/Documents/School/Cmpt 276/animations/Renders/User/Fire/Animated/frame%04d.png'.
Reading option '-i' ... matched as input url with argument 'C:/Users/Dr.Seuss/Documents/School/Cmpt 276/animations/Renders/User/Fire/Animated/palette.png'.
Reading option '-lavfi' ... matched as option 'lavfi' (create a complex filtergraph) with argument '[0:v][1:v] paletteuse'.
Reading option '-y' ... matched as option 'y' (overwrite output files) with argument '1'.
Reading option 'C:/Users/Dr.Seuss/Documents/School/Cmpt 276/animations/Renders/User/Fire/Animated/heroFlame.gif' ... matched as output url.
Finished splitting the commandline.
Parsing a group of options: global .
Applying option v (set logging level) with argument debug.
Applying option nostdin (enable or disable interaction on standard input) with argument 0.
Applying option progress (write program-readable progress information) with argument C:/Users/Dr.Seuss/AppData/Local/Temp/KritaFFmpegProgress.TQ2296.
[file @ 000000000057ad40] Setting default whitelist 'file,crypto'
Applying option lavfi (create a complex filtergraph) with argument [0:v][1:v] paletteuse.
Applying option y (overwrite output files) with argument 1.
Successfully parsed a group of options.
Parsing a group of options: input url C:/Users/Dr.Seuss/Documents/School/Cmpt 276/animations/Renders/User/Fire/Animated/frame%04d.png.
Applying option r (set frame rate (Hz value, fraction or abbreviation)) with argument 20.
Successfully parsed a group of options.
Opening an input file: C:/Users/Dr.Seuss/Documents/School/Cmpt 276/animations/Renders/User/Fire/Animated/frame%04d.png.
[image2 @ 00000000004f9500] Opening 'C:/Users/Dr.Seuss/Documents/School/Cmpt 276/animations/Renders/User/Fire/Animated/frame0000.png' for reading
[file @ 00000000004fd300] Setting default whitelist 'file,crypto'
[AVIOContext @ 000000000058bfa0] Statistics: 6171 bytes read, 0 seeks
[image2 @ 00000000004f9500] Opening 'C:/Users/Dr.Seuss/Documents/School/Cmpt 276/animations/Renders/User/Fire/Animated/frame0001.png' for reading
[file @ 000000000058c180] Setting default whitelist 'file,crypto'
[AVIOContext @ 000000000058bfa0] Statistics: 6154 bytes read, 0 seeks
[image2 @ 00000000004f9500] Opening 'C:/Users/Dr.Seuss/Documents/School/Cmpt 276/animations/Renders/User/Fire/Animated/frame0002.png' for reading
[file @ 00000000004ff840] Setting default whitelist 'file,crypto'
[AVIOContext @ 00000000004ff920] Statistics: 6042 bytes read, 0 seeks
[image2 @ 00000000004f9500] Opening 'C:/Users/Dr.Seuss/Documents/School/Cmpt 276/animations/Renders/User/Fire/Animated/frame0003.png' for reading
[file @ 00000000004ff8c0] Setting default whitelist 'file,crypto'
[AVIOContext @ 00000000004ffaa0] Statistics: 6141 bytes read, 0 seeks
[image2 @ 00000000004f9500] Opening 'C:/Users/Dr.Seuss/Documents/School/Cmpt 276/animations/Renders/User/Fire/Animated/frame0004.png' for reading
[file @ 00000000004ffaa0] Setting default whitelist 'file,crypto'
[AVIOContext @ 00000000004ffb80] Statistics: 6177 bytes read, 0 seeks
[image2 @ 00000000004f9500] Opening 'C:/Users/Dr.Seuss/Documents/School/Cmpt 276/animations/Renders/User/Fire/Animated/frame0005.png' for reading
[file @ 00000000004ffb20] Setting default whitelist 'file,crypto'
[AVIOContext @ 00000000004ffc20] Statistics: 6006 bytes read, 0 seeks
[image2 @ 00000000004f9500] Opening 'C:/Users/Dr.Seuss/Documents/School/Cmpt 276/animations/Renders/User/Fire/Animated/frame0006.png' for reading
[file @ 00000000004ffb20] Setting default whitelist 'file,crypto'
[AVIOContext @ 00000000004ffc20] Statistics: 6116 bytes read, 0 seeks
[image2 @ 00000000004f9500] Opening 'C:/Users/Dr.Seuss/Documents/School/Cmpt 276/animations/Renders/User/Fire/Animated/frame0007.png' for reading
[file @ 00000000004ffbc0] Setting default whitelist 'file,crypto'
[AVIOContext @ 00000000004ffda0] Statistics: 6248 bytes read, 0 seeks
[image2 @ 00000000004f9500] Opening 'C:/Users/Dr.Seuss/Documents/School/Cmpt 276/animations/Renders/User/Fire/Animated/frame0008.png' for reading
[file @ 00000000004ffda0] Setting default whitelist 'file,crypto'
[AVIOContext @ 00000000004ffe80] Statistics: 6285 bytes read, 0 seeks
[image2 @ 00000000004f9500] Opening 'C:/Users/Dr.Seuss/Documents/School/Cmpt 276/animations/Renders/User/Fire/Animated/frame0009.png' for reading
[file @ 00000000004ffe20] Setting default whitelist 'file,crypto'
[AVIOContext @ 000000000058b1c0] Statistics: 6146 bytes read, 0 seeks
[image2 @ 00000000004f9500] Opening 'C:/Users/Dr.Seuss/Documents/School/Cmpt 276/animations/Renders/User/Fire/Animated/frame0010.png' for reading
[file @ 000000000058b1c0] Setting default whitelist 'file,crypto'
[AVIOContext @ 000000000058b2c0] Statistics: 6145 bytes read, 0 seeks
[image2 @ 00000000004f9500] Opening 'C:/Users/Dr.Seuss/Documents/School/Cmpt 276/animations/Renders/User/Fire/Animated/frame0011.png' for reading
[file @ 00000000005c7a60] Setting default whitelist 'file,crypto'
[AVIOContext @ 00000000005c7b60] Statistics: 6139 bytes read, 0 seeks
[image2 @ 00000000004f9500] Opening 'C:/Users/Dr.Seuss/Documents/School/Cmpt 276/animations/Renders/User/Fire/Animated/frame0012.png' for reading
[file @ 00000000005c7b00] Setting default whitelist 'file,crypto'
[AVIOContext @ 00000000005c94c0] Statistics: 6509 bytes read, 0 seeks
[image2 @ 00000000004f9500] Opening 'C:/Users/Dr.Seuss/Documents/School/Cmpt 276/animations/Renders/User/Fire/Animated/frame0013.png' for reading
[file @ 00000000005c94c0] Setting default whitelist 'file,crypto'
[AVIOContext @ 000000000058b1c0] Statistics: 6280 bytes read, 0 seeks
[image2 @ 00000000004f9500] Opening 'C:/Users/Dr.Seuss/Documents/School/Cmpt 276/animations/Renders/User/Fire/Animated/frame0014.png' for reading
[file @ 000000000058b1c0] Setting default whitelist 'file,crypto'
[AVIOContext @ 000000000058b2c0] Statistics: 6133 bytes read, 0 seeks
[image2 @ 00000000004f9500] Opening 'C:/Users/Dr.Seuss/Documents/School/Cmpt 276/animations/Renders/User/Fire/Animated/frame0015.png' for reading
[file @ 000000000058b260] Setting default whitelist 'file,crypto'
[AVIOContext @ 000000000058b340] Statistics: 6104 bytes read, 0 seeks
[image2 @ 00000000004f9500] Opening 'C:/Users/Dr.Seuss/Documents/School/Cmpt 276/animations/Renders/User/Fire/Animated/frame0016.png' for reading
[file @ 00000000005cf960] Setting default whitelist 'file,crypto'
[AVIOContext @ 000000000058b260] Statistics: 6404 bytes read, 0 seeks
[image2 @ 00000000004f9500] Opening 'C:/Users/Dr.Seuss/Documents/School/Cmpt 276/animations/Renders/User/Fire/Animated/frame0017.png' for reading
[file @ 000000000058b260] Setting default whitelist 'file,crypto'
[AVIOContext @ 000000000058b3e0] Statistics: 5977 bytes read, 0 seeks
[image2 @ 00000000004f9500] Opening 'C:/Users/Dr.Seuss/Documents/School/Cmpt 276/animations/Renders/User/Fire/Animated/frame0018.png' for reading
[file @ 000000000058b260] Setting default whitelist 'file,crypto'
[AVIOContext @ 000000000058b3e0] Statistics: 5973 bytes read, 0 seeks
[image2 @ 00000000004f9500] Opening 'C:/Users/Dr.Seuss/Documents/School/Cmpt 276/animations/Renders/User/Fire/Animated/frame0019.png' for reading
[file @ 000000000058b260] Setting default whitelist 'file,crypto'
[AVIOContext @ 000000000058b3e0] Statistics: 6008 bytes read, 0 seeks
[image2 @ 00000000004f9500] Opening 'C:/Users/Dr.Seuss/Documents/School/Cmpt 276/animations/Renders/User/Fire/Animated/frame0020.png' for reading
[file @ 000000000058b260] Setting default whitelist 'file,crypto'
[AVIOContext @ 000000000058b3e0] Statistics: 6237 bytes read, 0 seeks
[image2 @ 00000000004f9500] Opening 'C:/Users/Dr.Seuss/Documents/School/Cmpt 276/animations/Renders/User/Fire/Animated/frame0021.png' for reading
[file @ 000000000058b260] Setting default whitelist 'file,crypto'
[AVIOContext @ 000000000058b3e0] Statistics: 6055 bytes read, 0 seeks
[image2 @ 00000000004f9500] Opening 'C:/Users/Dr.Seuss/Documents/School/Cmpt 276/animations/Renders/User/Fire/Animated/frame0022.png' for reading
[file @ 000000000058b260] Setting default whitelist 'file,crypto'
[AVIOContext @ 000000000058b3e0] Statistics: 6129 bytes read, 0 seeks
[image2 @ 00000000004f9500] Opening 'C:/Users/Dr.Seuss/Documents/School/Cmpt 276/animations/Renders/User/Fire/Animated/frame0023.png' for reading
[file @ 000000000058b260] Setting default whitelist 'file,crypto'
[AVIOContext @ 000000000058b3e0] Statistics: 6049 bytes read, 0 seeks
[image2 @ 00000000004f9500] Opening 'C:/Users/Dr.Seuss/Documents/School/Cmpt 276/animations/Renders/User/Fire/Animated/frame0024.png' for reading
[file @ 000000000058b260] Setting default whitelist 'file,crypto'
[AVIOContext @ 000000000058b3e0] Statistics: 6229 bytes read, 0 seeks
[image2 @ 00000000004f9500] Opening 'C:/Users/Dr.Seuss/Documents/School/Cmpt 276/animations/Renders/User/Fire/Animated/frame0025.png' for reading
[file @ 000000000058b260] Setting default whitelist 'file,crypto'
[AVIOContext @ 000000000058b3e0] Statistics: 5973 bytes read, 0 seeks
[image2 @ 00000000004f9500] Opening 'C:/Users/Dr.Seuss/Documents/School/Cmpt 276/animations/Renders/User/Fire/Animated/frame0026.png' for reading
[file @ 000000000058b260] Setting default whitelist 'file,crypto'
[AVIOContext @ 000000000058b3e0] Statistics: 5937 bytes read, 0 seeks
[image2 @ 00000000004f9500] Opening 'C:/Users/Dr.Seuss/Documents/School/Cmpt 276/animations/Renders/User/Fire/Animated/frame0027.png' for reading
[file @ 000000000058b260] Setting default whitelist 'file,crypto'
[AVIOContext @ 000000000058b3e0] Statistics: 6008 bytes read, 0 seeks
[image2 @ 00000000004f9500] Opening 'C:/Users/Dr.Seuss/Documents/School/Cmpt 276/animations/Renders/User/Fire/Animated/frame0028.png' for reading
[file @ 000000000058b260] Setting default whitelist 'file,crypto'
[AVIOContext @ 000000000058b3e0] Statistics: 6355 bytes read, 0 seeks
[image2 @ 00000000004f9500] Opening 'C:/Users/Dr.Seuss/Documents/School/Cmpt 276/animations/Renders/User/Fire/Animated/frame0029.png' for reading
[file @ 000000000058b260] Setting default whitelist 'file,crypto'
[AVIOContext @ 000000000058b3e0] Statistics: 5987 bytes read, 0 seeks
[image2 @ 00000000004f9500] Opening 'C:/Users/Dr.Seuss/Documents/School/Cmpt 276/animations/Renders/User/Fire/Animated/frame0030.png' for reading
[file @ 000000000058b260] Setting default whitelist 'file,crypto'
[AVIOContext @ 000000000058b3e0] Statistics: 6079 bytes read, 0 seeks
[image2 @ 00000000004f9500] Opening 'C:/Users/Dr.Seuss/Documents/School/Cmpt 276/animations/Renders/User/Fire/Animated/frame0031.png' for reading
[file @ 000000000058b260] Setting default whitelist 'file,crypto'
[AVIOContext @ 000000000058b3e0] Statistics: 6121 bytes read, 0 seeks
[image2 @ 00000000004f9500] Opening 'C:/Users/Dr.Seuss/Documents/School/Cmpt 276/animations/Renders/User/Fire/Animated/frame0032.png' for reading
[file @ 000000000058b260] Setting default whitelist 'file,crypto'
[AVIOContext @ 000000000058b3e0] Statistics: 6409 bytes read, 0 seeks
[image2 @ 00000000004f9500] Opening 'C:/Users/Dr.Seuss/Documents/School/Cmpt 276/animations/Renders/User/Fire/Animated/frame0033.png' for reading
[file @ 000000000058b260] Setting default whitelist 'file,crypto'
[AVIOContext @ 000000000058b3e0] Statistics: 5891 bytes read, 0 seeks
[image2 @ 00000000004f9500] Opening 'C:/Users/Dr.Seuss/Documents/School/Cmpt 276/animations/Renders/User/Fire/Animated/frame0034.png' for reading
[file @ 000000000058b260] Setting default whitelist 'file,crypto'
[AVIOContext @ 000000000058b3e0] Statistics: 6014 bytes read, 0 seeks
[image2 @ 00000000004f9500] Opening 'C:/Users/Dr.Seuss/Documents/School/Cmpt 276/animations/Renders/User/Fire/Animated/frame0035.png' for reading
[file @ 000000000058b260] Setting default whitelist 'file,crypto'
[AVIOContext @ 000000000058b3e0] Statistics: 6344 bytes read, 0 seeks
[image2 @ 00000000004f9500] Opening 'C:/Users/Dr.Seuss/Documents/School/Cmpt 276/animations/Renders/User/Fire/Animated/frame0036.png' for reading
[file @ 000000000058b260] Setting default whitelist 'file,crypto'
[AVIOContext @ 000000000058b3e0] Statistics: 6426 bytes read, 0 seeks
[image2 @ 00000000004f9500] Opening 'C:/Users/Dr.Seuss/Documents/School/Cmpt 276/animations/Renders/User/Fire/Animated/frame0037.png' for reading
[file @ 000000000058b260] Setting default whitelist 'file,crypto'
[AVIOContext @ 000000000058b3e0] Statistics: 6298 bytes read, 0 seeks
[image2 @ 00000000004f9500] Opening 'C:/Users/Dr.Seuss/Documents/School/Cmpt 276/animations/Renders/User/Fire/Animated/frame0038.png' for reading
[file @ 000000000058b260] Setting default whitelist 'file,crypto'
[AVIOContext @ 000000000058b3e0] Statistics: 6305 bytes read, 0 seeks
[image2 @ 00000000004f9500] Opening 'C:/Users/Dr.Seuss/Documents/School/Cmpt 276/animations/Renders/User/Fire/Animated/frame0039.png' for reading
[file @ 000000000058b260] Setting default whitelist 'file,crypto'
[AVIOContext @ 000000000058b3e0] Statistics: 6263 bytes read, 0 seeks
[image2 @ 00000000004f9500] Opening 'C:/Users/Dr.Seuss/Documents/School/Cmpt 276/animations/Renders/User/Fire/Animated/frame0040.png' for reading
[file @ 000000000058b260] Setting default whitelist 'file,crypto'
[AVIOContext @ 000000000058b3e0] Statistics: 6200 bytes read, 0 seeks
[image2 @ 00000000004f9500] Opening 'C:/Users/Dr.Seuss/Documents/School/Cmpt 276/animations/Renders/User/Fire/Animated/frame0041.png' for reading
[file @ 000000000058b260] Setting default whitelist 'file,crypto'
[AVIOContext @ 000000000058b3e0] Statistics: 6193 bytes read, 0 seeks
[image2 @ 00000000004f9500] Opening 'C:/Users/Dr.Seuss/Documents/School/Cmpt 276/animations/Renders/User/Fire/Animated/frame0042.png' for reading
[file @ 000000000058b260] Setting default whitelist 'file,crypto'
[AVIOContext @ 000000000058b3e0] Statistics: 6156 bytes read, 0 seeks
[image2 @ 00000000004f9500] Opening 'C:/Users/Dr.Seuss/Documents/School/Cmpt 276/animations/Renders/User/Fire/Animated/frame0043.png' for reading
[file @ 000000000058b260] Setting default whitelist 'file,crypto'
[AVIOContext @ 000000000058b3e0] Statistics: 6188 bytes read, 0 seeks
[image2 @ 00000000004f9500] Opening 'C:/Users/Dr.Seuss/Documents/School/Cmpt 276/animations/Renders/User/Fire/Animated/frame0044.png' for reading
[file @ 000000000058b260] Setting default whitelist 'file,crypto'
[AVIOContext @ 000000000058b3e0] Statistics: 6203 bytes read, 0 seeks
[image2 @ 00000000004f9500] Opening 'C:/Users/Dr.Seuss/Documents/School/Cmpt 276/animations/Renders/User/Fire/Animated/frame0045.png' for reading
[file @ 000000000058b260] Setting default whitelist 'file,crypto'
[AVIOContext @ 000000000058b3e0] Statistics: 6327 bytes read, 0 seeks
[image2 @ 00000000004f9500] Opening 'C:/Users/Dr.Seuss/Documents/School/Cmpt 276/animations/Renders/User/Fire/Animated/frame0046.png' for reading
[file @ 000000000058b260] Setting default whitelist 'file,crypto'
[AVIOContext @ 000000000058b3e0] Statistics: 6130 bytes read, 0 seeks
[image2 @ 00000000004f9500] Opening 'C:/Users/Dr.Seuss/Documents/School/Cmpt 276/animations/Renders/User/Fire/Animated/frame0047.png' for reading
[file @ 000000000058b260] Setting default whitelist 'file,crypto'
[AVIOContext @ 000000000058b3e0] Statistics: 6149 bytes read, 0 seeks
Input #0, image2, from 'C:/Users/Dr.Seuss/Documents/School/Cmpt 276/animations/Renders/User/Fire/Animated/frame%04d.png':
  Duration: 00:00:01.92, start: 0.000000, bitrate: N/A
    Stream #0:0, 48, 1/25: Video: png, 1 reference frame, rgba(pc), 200x200 [SAR 11811:11811 DAR 1:1], 0/1, 25 fps, 25 tbr, 25 tbn, 25 tbc
Successfully opened the file.
Parsing a group of options: input url C:/Users/Dr.Seuss/Documents/School/Cmpt 276/animations/Renders/User/Fire/Animated/palette.png.
Successfully parsed a group of options.
Opening an input file: C:/Users/Dr.Seuss/Documents/School/Cmpt 276/animations/Renders/User/Fire/Animated/palette.png.
[NULL @ 00000000004fec60] Opening 'C:/Users/Dr.Seuss/Documents/School/Cmpt 276/animations/Renders/User/Fire/Animated/palette.png' for reading
[file @ 000000000058b3e0] Setting default whitelist 'file,crypto'
[png_pipe @ 00000000004fec60] Format png_pipe probed with size=2048 and score=99
[png_pipe @ 00000000004fec60] Before avformat_find_stream_info() pos: 0 bytes read:722 seeks:0 nb_streams:1
[png_pipe @ 00000000004fec60] After avformat_find_stream_info() pos: 722 bytes read:722 seeks:0 frames:1
Input #1, png_pipe, from 'C:/Users/Dr.Seuss/Documents/School/Cmpt 276/animations/Renders/User/Fire/Animated/palette.png':
  Duration: N/A, bitrate: N/A
    Stream #1:0, 1, 1/25: Video: png, 1 reference frame, rgba(pc), 16x16 [SAR 1:1 DAR 1:1], 0/1, 25 tbr, 25 tbn, 25 tbc
Successfully opened the file.
detected 8 logical cores
Parsing a group of options: output url C:/Users/Dr.Seuss/Documents/School/Cmpt 276/animations/Renders/User/Fire/Animated/heroFlame.gif.
Successfully parsed a group of options.
Opening an output file: C:/Users/Dr.Seuss/Documents/School/Cmpt 276/animations/Renders/User/Fire/Animated/heroFlame.gif.
[file @ 0000000000586fe0] Setting default whitelist 'file,crypto'
Successfully opened the file.
Stream mapping:
  Stream #0:0 (png) -> paletteuse:default
  Stream #1:0 (png) -> paletteuse:palette
  paletteuse -> Stream #0:0 (gif)
cur_dts is invalid (this is harmless if it occurs once at the start per stream)
    Last message repeated 10 times
[graph 0 input from stream 0:0 @ 00000000004ffa20] Setting 'video_size' to value '200x200'
[graph 0 input from stream 0:0 @ 00000000004ffa20] Setting 'pix_fmt' to value '28'
[graph 0 input from stream 0:0 @ 00000000004ffa20] Setting 'time_base' to value '1/20'
[graph 0 input from stream 0:0 @ 00000000004ffa20] Setting 'pixel_aspect' to value '11811/11811'
[graph 0 input from stream 0:0 @ 00000000004ffa20] Setting 'sws_param' to value 'flags=2'
[graph 0 input from stream 0:0 @ 00000000004ffa20] Setting 'frame_rate' to value '20/1'
[graph 0 input from stream 0:0 @ 00000000004ffa20] w:200 h:200 pixfmt:rgba tb:1/20 fr:20/1 sar:11811/11811 sws_param:flags=2
[graph 0 input from stream 1:0 @ 00000000005a0a80] Setting 'video_size' to value '16x16'
[graph 0 input from stream 1:0 @ 00000000005a0a80] Setting 'pix_fmt' to value '28'
[graph 0 input from stream 1:0 @ 00000000005a0a80] Setting 'time_base' to value '1/25'
[graph 0 input from stream 1:0 @ 00000000005a0a80] Setting 'pixel_aspect' to value '1/1'
[graph 0 input from stream 1:0 @ 00000000005a0a80] Setting 'sws_param' to value 'flags=2'
[graph 0 input from stream 1:0 @ 00000000005a0a80] Setting 'frame_rate' to value '25/1'
[graph 0 input from stream 1:0 @ 00000000005a0a80] w:16 h:16 pixfmt:rgba tb:1/25 fr:25/1 sar:1/1 sws_param:flags=2
[format @ 00000000005a1720] compat: called with args=[rgb8|bgr8|rgb4_byte|bgr4_byte|gray|pal8]
[format @ 00000000005a1720] Setting 'pix_fmts' to value 'rgb8|bgr8|rgb4_byte|bgr4_byte|gray|pal8'
[auto_scaler_0 @ 0000000002586de0] w:iw h:ih flags:'bilinear' interl:0
[Parsed_paletteuse_0 @ 000000000058c120] auto-inserting filter 'auto_scaler_0' between the filter 'graph 0 input from stream 0:0' and the filter 'Parsed_paletteuse_0'
[auto_scaler_1 @ 0000000002668e20] w:iw h:ih flags:'bilinear' interl:0
[Parsed_paletteuse_0 @ 000000000058c120] auto-inserting filter 'auto_scaler_1' between the filter 'graph 0 input from stream 1:0' and the filter 'Parsed_paletteuse_0'
[AVFilterGraph @ 00000000005b62e0] query_formats: 5 queried, 2 merged, 2 already done, 0 delayed
[swscaler @ 0000000002736900] Forcing full internal H chroma due to input having non subsampled chroma
[auto_scaler_0 @ 0000000002586de0] w:200 h:200 fmt:rgba sar:11811/11811 -> w:200 h:200 fmt:bgra sar:1/1 flags:0x2
[swscaler @ 0000000002743440] Forcing full internal H chroma due to input having non subsampled chroma
[auto_scaler_1 @ 0000000002668e20] w:16 h:16 fmt:rgba sar:1/1 -> w:16 h:16 fmt:bgra sar:1/1 flags:0x2
[Parsed_paletteuse_0 @ 000000000058c120] [framesync @ 0000000005d700a8] Selected 1/100 time base
[Parsed_paletteuse_0 @ 000000000058c120] [framesync @ 0000000005d700a8] Sync level 2
Output #0, gif, to 'C:/Users/Dr.Seuss/Documents/School/Cmpt 276/animations/Renders/User/Fire/Animated/heroFlame.gif':
  Metadata:
    encoder         : Lavf57.71.100
    Stream #0:0, 0, 1/100: Video: gif, 1 reference frame, pal8, 200x200 [SAR 1:1 DAR 1:1], 0/1, q=2-31, 200 kb/s, 20 fps, 100 tbn, 20 tbc (default)
    Metadata:
      encoder         : Lavc57.89.100 gif
Clipping frame in rate conversion by 0.000008
[gif @ 00000000005863c0] 66x78 image at pos (78;20) [area:200x200]
[gif @ 00000000005863c0] 66x96 image at pos (78;20) [area:200x200]
[gif @ 00000000005863c0] 60x96 image at pos (76;20) [area:200x200]
[gif @ 00000000005863c0] 64x77 image at pos (71;22) [area:200x200]
[gif @ 00000000005863c0] 66x96 image at pos (70;20) [area:200x200]
[gif @ 00000000005863c0] 60x96 image at pos (68;20) [area:200x200]
[gif @ 00000000005863c0] 61x75 image at pos (66;24) [area:200x200]
[gif @ 00000000005863c0] 69x96 image at pos (59;20) [area:200x200]
[gif @ 00000000005863c0] 63x94 image at pos (59;22) [area:200x200]
[gif @ 00000000005863c0] 60x75 image at pos (60;22) [area:200x200]
[gif @ 00000000005863c0] 58x76 image at pos (62;21) [area:200x200]
[gif @ 00000000005863c0] 57x78 image at pos (64;20) [area:200x200]
[gif @ 00000000005863c0] 55x96 image at pos (66;20) [area:200x200]
[gif @ 00000000005863c0] 51x96 image at pos (72;20) [area:200x200]
[gif @ 00000000005863c0] 52x95 image at pos (75;21) [area:200x200]
[gif @ 00000000005863c0] 52x96 image at pos (78;20) [area:200x200]
[gif @ 00000000005863c0] 51x96 image at pos (79;20) [area:200x200]
[gif @ 00000000005863c0] 51x77 image at pos (78;21) [area:200x200]
[gif @ 00000000005863c0] 50x96 image at pos (78;20) [area:200x200]
[gif @ 00000000005863c0] 53x96 image at pos (75;20) [area:200x200]
[gif @ 00000000005863c0] 51x80 image at pos (75;20) [area:200x200]
[gif @ 00000000005863c0] 50x96 image at pos (72;20) [area:200x200]
[gif @ 00000000005863c0] 51x96 image at pos (69;20) [area:200x200]
[gif @ 00000000005863c0] 56x96 image at pos (64;20) [area:200x200]
[gif @ 00000000005863c0] 57x96 image at pos (63;20) [area:200x200]
[gif @ 00000000005863c0] 58x77 image at pos (63;22) [area:200x200]
[gif @ 00000000005863c0] 56x76 image at pos (66;23) [area:200x200]
[gif @ 00000000005863c0] 55x93 image at pos (69;23) [area:200x200]
[gif @ 00000000005863c0] 52x96 image at pos (72;20) [area:200x200]
[gif @ 00000000005863c0] 56x75 image at pos (72;22) [area:200x200]
[gif @ 00000000005863c0] 52x96 image at pos (76;20) [area:200x200]
[gif @ 00000000005863c0] 44x96 image at pos (76;20) [area:200x200]
    Last message repeated 1 times
[gif @ 00000000005863c0] 41x77 image at pos (79;21) [area:200x200]
[gif @ 00000000005863c0] 43x77 image at pos (77;21) [area:200x200]
[gif @ 00000000005863c0] 45x96 image at pos (76;20) [area:200x200]
[gif @ 00000000005863c0] 47x78 image at pos (74;21) [area:200x200]
[gif @ 00000000005863c0] 50x96 image at pos (74;20) [area:200x200]
[gif @ 00000000005863c0] 49x96 image at pos (76;20) [area:200x200]
[gif @ 00000000005863c0] 48x96 image at pos (78;20) [area:200x200]
[gif @ 00000000005863c0] 49x96 image at pos (79;20) [area:200x200]
[gif @ 00000000005863c0] 50x78 image at pos (79;21) [area:200x200]
[gif @ 00000000005863c0] 52x96 image at pos (79;20) [area:200x200]
[gif @ 00000000005863c0] 55x95 image at pos (79;21) [area:200x200]
[gif @ 00000000005863c0] 56x96 image at pos (79;20) [area:200x200]
[gif @ 00000000005863c0] 57x96 image at pos (79;20) [area:200x200]
[gif @ 00000000005863c0] 59x96 image at pos (79;20) [area:200x200]
[Parsed_paletteuse_0 @ 000000000058c120] [framesync @ 0000000005d700a8] Sync level 0
[out_0_0 @ 000000000059e180] EOF on sink link out_0_0:default.
No more output streams to write to, finishing.
frame=   48 fps=0.0 q=-0.0 Lsize=      52kB time=00:00:02.36 bitrate= 179.4kbits/s speed=31.1x    
[AVIOContext @ 00000000004f93e0] Statistics: 0 seeks, 1 writeouts
video:51kB audio:0kB subtitle:0kB other streams:0kB global headers:0kB muxing overhead: 2.289855%
Input file #0 (C:/Users/Dr.Seuss/Documents/School/Cmpt 276/animations/Renders/User/Fire/Animated/frame%04d.png):
  Input stream #0:0 (video): 48 packets read (295813 bytes); 48 frames decoded; 
  Total: 48 packets (295813 bytes) demuxed
Input file #1 (C:/Users/Dr.Seuss/Documents/School/Cmpt 276/animations/Renders/User/Fire/Animated/palette.png):
  Input stream #1:0 (video): 1 packets read (722 bytes); 1 frames decoded; 
  Total: 1 packets (722 bytes) demuxed
Output file #0 (C:/Users/Dr.Seuss/Documents/School/Cmpt 276/animations/Renders/User/Fire/Animated/heroFlame.gif):
  Output stream #0:0 (video): 48 frames encoded; 48 packets muxed (51750 bytes); 
  Total: 48 packets (51750 bytes) muxed
49 frames successfully decoded, 0 decoding errors
[AVIOContext @ 0000000000584ec0] Statistics: 0 seeks, 49 writeouts
[AVIOContext @ 00000000005bcb60] Statistics: 722 bytes read, 0 seeks
