ffmpeg version 3.3.3 Copyright (c) 2000-2017 the FFmpeg developers
  built with gcc 7.1.0 (GCC)
  configuration: --enable-gpl --enable-version3 --enable-cuda --enable-cuvid --enable-d3d11va --enable-dxva2 --enable-libmfx --enable-nvenc --enable-avisynth --enable-bzlib --enable-fontconfig --enable-frei0r --enable-gnutls --enable-iconv --enable-libass --enable-libbluray --enable-libbs2b --enable-libcaca --enable-libfreetype --enable-libgme --enable-libgsm --enable-libilbc --enable-libmodplug --enable-libmp3lame --enable-libopencore-amrnb --enable-libopencore-amrwb --enable-libopenh264 --enable-libopenjpeg --enable-libopus --enable-librtmp --enable-libsnappy --enable-libsoxr --enable-libspeex --enable-libtheora --enable-libtwolame --enable-libvidstab --enable-libvo-amrwbenc --enable-libvorbis --enable-libvpx --enable-libwavpack --enable-libwebp --enable-libx264 --enable-libx265 --enable-libxavs --enable-libxvid --enable-libzimg --enable-lzma --enable-zlib
  libavutil      55. 58.100 / 55. 58.100
  libavcodec     57. 89.100 / 57. 89.100
  libavformat    57. 71.100 / 57. 71.100
  libavdevice    57.  6.100 / 57.  6.100
  libavfilter     6. 82.100 /  6. 82.100
  libswscale      4.  6.100 /  4.  6.100
  libswresample   2.  7.100 /  2.  7.100
  libpostproc    54.  5.100 / 54.  5.100
Splitting the commandline.
Reading option '-v' ... matched as option 'v' (set logging level) with argument 'debug'.
Reading option '-nostdin' ... matched as option 'stdin' (enable or disable interaction on standard input) with argument 0.
Reading option '-progress' ... matched as option 'progress' (write program-readable progress information) with argument 'C:/Users/Dr.Seuss/AppData/Local/Temp/KritaFFmpegProgress.yY2296'.
Reading option '-r' ... matched as option 'r' (set frame rate (Hz value, fraction or abbreviation)) with argument '24'.
Reading option '-start_number' ... matched as AVOption 'start_number' with argument '0'.
Reading option '-i' ... matched as input url with argument 'C:/Users/Dr.Seuss/Documents/School/Cmpt 276/animations/Renders/User/Water/Animated/frame%04d.png'.
Reading option '-vf' ... matched as option 'vf' (set video filters) with argument 'palettegen'.
Reading option '-y' ... matched as option 'y' (overwrite output files) with argument '1'.
Reading option 'C:/Users/Dr.Seuss/Documents/School/Cmpt 276/animations/Renders/User/Water/Animated/palette.png' ... matched as output url.
Finished splitting the commandline.
Parsing a group of options: global .
Applying option v (set logging level) with argument debug.
Applying option nostdin (enable or disable interaction on standard input) with argument 0.
Applying option progress (write program-readable progress information) with argument C:/Users/Dr.Seuss/AppData/Local/Temp/KritaFFmpegProgress.yY2296.
[file @ 000000000033a860] Setting default whitelist 'file,crypto'
Applying option y (overwrite output files) with argument 1.
Successfully parsed a group of options.
Parsing a group of options: input url C:/Users/Dr.Seuss/Documents/School/Cmpt 276/animations/Renders/User/Water/Animated/frame%04d.png.
Applying option r (set frame rate (Hz value, fraction or abbreviation)) with argument 24.
Successfully parsed a group of options.
Opening an input file: C:/Users/Dr.Seuss/Documents/School/Cmpt 276/animations/Renders/User/Water/Animated/frame%04d.png.
[image2 @ 0000000000342f20] Opening 'C:/Users/Dr.Seuss/Documents/School/Cmpt 276/animations/Renders/User/Water/Animated/frame0000.png' for reading
[file @ 00000000003dacc0] Setting default whitelist 'file,crypto'
[AVIOContext @ 00000000003dadc0] Statistics: 2964 bytes read, 0 seeks
[image2 @ 0000000000342f20] Opening 'C:/Users/Dr.Seuss/Documents/School/Cmpt 276/animations/Renders/User/Water/Animated/frame0001.png' for reading
[file @ 000000000034cc00] Setting default whitelist 'file,crypto'
[AVIOContext @ 000000000034cd00] Statistics: 3200 bytes read, 0 seeks
[image2 @ 0000000000342f20] Opening 'C:/Users/Dr.Seuss/Documents/School/Cmpt 276/animations/Renders/User/Water/Animated/frame0002.png' for reading
[file @ 000000000034cc00] Setting default whitelist 'file,crypto'
[AVIOContext @ 000000000037d8c0] Statistics: 3033 bytes read, 0 seeks
[image2 @ 0000000000342f20] Opening 'C:/Users/Dr.Seuss/Documents/School/Cmpt 276/animations/Renders/User/Water/Animated/frame0003.png' for reading
[file @ 0000000000347e20] Setting default whitelist 'file,crypto'
[AVIOContext @ 000000000037d8c0] Statistics: 3131 bytes read, 0 seeks
[image2 @ 0000000000342f20] Opening 'C:/Users/Dr.Seuss/Documents/School/Cmpt 276/animations/Renders/User/Water/Animated/frame0004.png' for reading
[file @ 000000000037da20] Setting default whitelist 'file,crypto'
[AVIOContext @ 000000000037d8c0] Statistics: 3074 bytes read, 0 seeks
[image2 @ 0000000000342f20] Opening 'C:/Users/Dr.Seuss/Documents/School/Cmpt 276/animations/Renders/User/Water/Animated/frame0005.png' for reading
[file @ 000000000037dac0] Setting default whitelist 'file,crypto'
[AVIOContext @ 000000000037d8c0] Statistics: 3204 bytes read, 0 seeks
[image2 @ 0000000000342f20] Opening 'C:/Users/Dr.Seuss/Documents/School/Cmpt 276/animations/Renders/User/Water/Animated/frame0006.png' for reading
[file @ 000000000037dc00] Setting default whitelist 'file,crypto'
[AVIOContext @ 000000000037d8c0] Statistics: 3241 bytes read, 0 seeks
[image2 @ 0000000000342f20] Opening 'C:/Users/Dr.Seuss/Documents/School/Cmpt 276/animations/Renders/User/Water/Animated/frame0007.png' for reading
[file @ 000000000037dca0] Setting default whitelist 'file,crypto'
[AVIOContext @ 000000000037d8c0] Statistics: 3021 bytes read, 0 seeks
[image2 @ 0000000000342f20] Opening 'C:/Users/Dr.Seuss/Documents/School/Cmpt 276/animations/Renders/User/Water/Animated/frame0008.png' for reading
[file @ 000000000037dde0] Setting default whitelist 'file,crypto'
[AVIOContext @ 000000000037d8c0] Statistics: 3032 bytes read, 0 seeks
[image2 @ 0000000000342f20] Opening 'C:/Users/Dr.Seuss/Documents/School/Cmpt 276/animations/Renders/User/Water/Animated/frame0009.png' for reading
[file @ 000000000037de80] Setting default whitelist 'file,crypto'
[AVIOContext @ 000000000037d8c0] Statistics: 3028 bytes read, 0 seeks
[image2 @ 0000000000342f20] Opening 'C:/Users/Dr.Seuss/Documents/School/Cmpt 276/animations/Renders/User/Water/Animated/frame0010.png' for reading
[file @ 000000000034b4e0] Setting default whitelist 'file,crypto'
[AVIOContext @ 000000000037d8c0] Statistics: 3017 bytes read, 0 seeks
[image2 @ 0000000000342f20] Opening 'C:/Users/Dr.Seuss/Documents/School/Cmpt 276/animations/Renders/User/Water/Animated/frame0011.png' for reading
[file @ 000000000034b580] Setting default whitelist 'file,crypto'
[AVIOContext @ 000000000037d8c0] Statistics: 3031 bytes read, 0 seeks
[image2 @ 0000000000342f20] Opening 'C:/Users/Dr.Seuss/Documents/School/Cmpt 276/animations/Renders/User/Water/Animated/frame0012.png' for reading
[file @ 00000000003dfaa0] Setting default whitelist 'file,crypto'
[AVIOContext @ 000000000037d8c0] Statistics: 3053 bytes read, 0 seeks
[image2 @ 0000000000342f20] Opening 'C:/Users/Dr.Seuss/Documents/School/Cmpt 276/animations/Renders/User/Water/Animated/frame0013.png' for reading
[file @ 000000000037ed00] Setting default whitelist 'file,crypto'
[AVIOContext @ 000000000037d8c0] Statistics: 3088 bytes read, 0 seeks
[image2 @ 0000000000342f20] Opening 'C:/Users/Dr.Seuss/Documents/School/Cmpt 276/animations/Renders/User/Water/Animated/frame0014.png' for reading
[file @ 000000000037ed00] Setting default whitelist 'file,crypto'
[AVIOContext @ 00000000003dfb00] Statistics: 3018 bytes read, 0 seeks
[image2 @ 0000000000342f20] Opening 'C:/Users/Dr.Seuss/Documents/School/Cmpt 276/animations/Renders/User/Water/Animated/frame0015.png' for reading
[file @ 000000000037ed00] Setting default whitelist 'file,crypto'
[AVIOContext @ 00000000003dfb00] Statistics: 3016 bytes read, 0 seeks
[image2 @ 0000000000342f20] Opening 'C:/Users/Dr.Seuss/Documents/School/Cmpt 276/animations/Renders/User/Water/Animated/frame0016.png' for reading
[file @ 000000000037ed00] Setting default whitelist 'file,crypto'
[AVIOContext @ 00000000003dfb00] Statistics: 3285 bytes read, 0 seeks
[image2 @ 0000000000342f20] Opening 'C:/Users/Dr.Seuss/Documents/School/Cmpt 276/animations/Renders/User/Water/Animated/frame0017.png' for reading
[file @ 000000000037ed00] Setting default whitelist 'file,crypto'
[AVIOContext @ 00000000003dfb00] Statistics: 3456 bytes read, 0 seeks
[image2 @ 0000000000342f20] Opening 'C:/Users/Dr.Seuss/Documents/School/Cmpt 276/animations/Renders/User/Water/Animated/frame0018.png' for reading
[file @ 000000000037ed00] Setting default whitelist 'file,crypto'
[AVIOContext @ 00000000003dfb00] Statistics: 3465 bytes read, 0 seeks
[image2 @ 0000000000342f20] Opening 'C:/Users/Dr.Seuss/Documents/School/Cmpt 276/animations/Renders/User/Water/Animated/frame0019.png' for reading
[file @ 000000000037ed00] Setting default whitelist 'file,crypto'
[AVIOContext @ 00000000003dfb00] Statistics: 3553 bytes read, 0 seeks
[image2 @ 0000000000342f20] Opening 'C:/Users/Dr.Seuss/Documents/School/Cmpt 276/animations/Renders/User/Water/Animated/frame0020.png' for reading
[file @ 000000000037ed00] Setting default whitelist 'file,crypto'
[AVIOContext @ 00000000003dfb00] Statistics: 3694 bytes read, 0 seeks
[image2 @ 0000000000342f20] Opening 'C:/Users/Dr.Seuss/Documents/School/Cmpt 276/animations/Renders/User/Water/Animated/frame0021.png' for reading
[file @ 000000000037ed00] Setting default whitelist 'file,crypto'
[AVIOContext @ 00000000003dfb00] Statistics: 3781 bytes read, 0 seeks
[image2 @ 0000000000342f20] Opening 'C:/Users/Dr.Seuss/Documents/School/Cmpt 276/animations/Renders/User/Water/Animated/frame0022.png' for reading
[file @ 000000000037ed00] Setting default whitelist 'file,crypto'
[AVIOContext @ 00000000003dfb00] Statistics: 4222 bytes read, 0 seeks
[image2 @ 0000000000342f20] Opening 'C:/Users/Dr.Seuss/Documents/School/Cmpt 276/animations/Renders/User/Water/Animated/frame0023.png' for reading
[file @ 000000000037ed00] Setting default whitelist 'file,crypto'
[AVIOContext @ 00000000003dfb00] Statistics: 3907 bytes read, 0 seeks
[image2 @ 0000000000342f20] Opening 'C:/Users/Dr.Seuss/Documents/School/Cmpt 276/animations/Renders/User/Water/Animated/frame0024.png' for reading
[file @ 000000000037ed00] Setting default whitelist 'file,crypto'
[AVIOContext @ 00000000003dfb00] Statistics: 3688 bytes read, 0 seeks
[image2 @ 0000000000342f20] Opening 'C:/Users/Dr.Seuss/Documents/School/Cmpt 276/animations/Renders/User/Water/Animated/frame0025.png' for reading
[file @ 000000000037ed00] Setting default whitelist 'file,crypto'
[AVIOContext @ 00000000003dfb00] Statistics: 3433 bytes read, 0 seeks
[image2 @ 0000000000342f20] Opening 'C:/Users/Dr.Seuss/Documents/School/Cmpt 276/animations/Renders/User/Water/Animated/frame0026.png' for reading
[file @ 000000000037ed00] Setting default whitelist 'file,crypto'
[AVIOContext @ 00000000003dfb00] Statistics: 3453 bytes read, 0 seeks
[image2 @ 0000000000342f20] Opening 'C:/Users/Dr.Seuss/Documents/School/Cmpt 276/animations/Renders/User/Water/Animated/frame0027.png' for reading
[file @ 000000000037ed00] Setting default whitelist 'file,crypto'
[AVIOContext @ 00000000003dfb00] Statistics: 3017 bytes read, 0 seeks
[image2 @ 0000000000342f20] Opening 'C:/Users/Dr.Seuss/Documents/School/Cmpt 276/animations/Renders/User/Water/Animated/frame0028.png' for reading
[file @ 000000000037ed00] Setting default whitelist 'file,crypto'
[AVIOContext @ 00000000003dfb00] Statistics: 2928 bytes read, 0 seeks
[image2 @ 0000000000342f20] Opening 'C:/Users/Dr.Seuss/Documents/School/Cmpt 276/animations/Renders/User/Water/Animated/frame0029.png' for reading
[file @ 000000000037ed00] Setting default whitelist 'file,crypto'
[AVIOContext @ 00000000003dfb00] Statistics: 2885 bytes read, 0 seeks
[image2 @ 0000000000342f20] Opening 'C:/Users/Dr.Seuss/Documents/School/Cmpt 276/animations/Renders/User/Water/Animated/frame0030.png' for reading
[file @ 000000000037ed00] Setting default whitelist 'file,crypto'
[AVIOContext @ 00000000003dfb00] Statistics: 2885 bytes read, 0 seeks
[image2 @ 0000000000342f20] Opening 'C:/Users/Dr.Seuss/Documents/School/Cmpt 276/animations/Renders/User/Water/Animated/frame0031.png' for reading
[file @ 000000000037ed00] Setting default whitelist 'file,crypto'
[AVIOContext @ 00000000003dfb00] Statistics: 2885 bytes read, 0 seeks
[image2 @ 0000000000342f20] Opening 'C:/Users/Dr.Seuss/Documents/School/Cmpt 276/animations/Renders/User/Water/Animated/frame0032.png' for reading
[file @ 000000000037ed00] Setting default whitelist 'file,crypto'
[AVIOContext @ 00000000003dfb00] Statistics: 2885 bytes read, 0 seeks
[image2 @ 0000000000342f20] Opening 'C:/Users/Dr.Seuss/Documents/School/Cmpt 276/animations/Renders/User/Water/Animated/frame0033.png' for reading
[file @ 000000000037ed00] Setting default whitelist 'file,crypto'
[AVIOContext @ 00000000003dfb00] Statistics: 2885 bytes read, 0 seeks
[image2 @ 0000000000342f20] Opening 'C:/Users/Dr.Seuss/Documents/School/Cmpt 276/animations/Renders/User/Water/Animated/frame0034.png' for reading
[file @ 000000000037ed00] Setting default whitelist 'file,crypto'
[AVIOContext @ 00000000003dfb00] Statistics: 2885 bytes read, 0 seeks
[image2 @ 0000000000342f20] Opening 'C:/Users/Dr.Seuss/Documents/School/Cmpt 276/animations/Renders/User/Water/Animated/frame0035.png' for reading
[file @ 000000000037ed00] Setting default whitelist 'file,crypto'
[AVIOContext @ 00000000003dfb00] Statistics: 2885 bytes read, 0 seeks
[image2 @ 0000000000342f20] Opening 'C:/Users/Dr.Seuss/Documents/School/Cmpt 276/animations/Renders/User/Water/Animated/frame0036.png' for reading
[file @ 000000000037ed00] Setting default whitelist 'file,crypto'
[AVIOContext @ 00000000003dfb00] Statistics: 2885 bytes read, 0 seeks
[image2 @ 0000000000342f20] Opening 'C:/Users/Dr.Seuss/Documents/School/Cmpt 276/animations/Renders/User/Water/Animated/frame0037.png' for reading
[file @ 000000000037ed00] Setting default whitelist 'file,crypto'
[AVIOContext @ 00000000003dfb00] Statistics: 2885 bytes read, 0 seeks
[image2 @ 0000000000342f20] Opening 'C:/Users/Dr.Seuss/Documents/School/Cmpt 276/animations/Renders/User/Water/Animated/frame0038.png' for reading
[file @ 000000000037ed00] Setting default whitelist 'file,crypto'
[AVIOContext @ 00000000003dfb00] Statistics: 2885 bytes read, 0 seeks
[image2 @ 0000000000342f20] Opening 'C:/Users/Dr.Seuss/Documents/School/Cmpt 276/animations/Renders/User/Water/Animated/frame0039.png' for reading
[file @ 000000000037ed00] Setting default whitelist 'file,crypto'
[AVIOContext @ 00000000003dfb00] Statistics: 2885 bytes read, 0 seeks
[image2 @ 0000000000342f20] Opening 'C:/Users/Dr.Seuss/Documents/School/Cmpt 276/animations/Renders/User/Water/Animated/frame0040.png' for reading
[file @ 000000000037ed00] Setting default whitelist 'file,crypto'
[AVIOContext @ 00000000003dfb00] Statistics: 2885 bytes read, 0 seeks
[image2 @ 0000000000342f20] Opening 'C:/Users/Dr.Seuss/Documents/School/Cmpt 276/animations/Renders/User/Water/Animated/frame0041.png' for reading
[file @ 000000000037ed00] Setting default whitelist 'file,crypto'
[AVIOContext @ 00000000003dfb00] Statistics: 2885 bytes read, 0 seeks
[image2 @ 0000000000342f20] Opening 'C:/Users/Dr.Seuss/Documents/School/Cmpt 276/animations/Renders/User/Water/Animated/frame0042.png' for reading
[file @ 000000000037ed00] Setting default whitelist 'file,crypto'
[AVIOContext @ 00000000003dfb00] Statistics: 2885 bytes read, 0 seeks
[image2 @ 0000000000342f20] Opening 'C:/Users/Dr.Seuss/Documents/School/Cmpt 276/animations/Renders/User/Water/Animated/frame0043.png' for reading
[file @ 000000000037ed00] Setting default whitelist 'file,crypto'
[AVIOContext @ 00000000003dfb00] Statistics: 2885 bytes read, 0 seeks
[image2 @ 0000000000342f20] Opening 'C:/Users/Dr.Seuss/Documents/School/Cmpt 276/animations/Renders/User/Water/Animated/frame0044.png' for reading
[file @ 000000000037ed00] Setting default whitelist 'file,crypto'
[AVIOContext @ 00000000003dfb00] Statistics: 2885 bytes read, 0 seeks
[image2 @ 0000000000342f20] Opening 'C:/Users/Dr.Seuss/Documents/School/Cmpt 276/animations/Renders/User/Water/Animated/frame0045.png' for reading
[file @ 000000000037ed00] Setting default whitelist 'file,crypto'
[AVIOContext @ 00000000003dfb00] Statistics: 2885 bytes read, 0 seeks
[image2 @ 0000000000342f20] Opening 'C:/Users/Dr.Seuss/Documents/School/Cmpt 276/animations/Renders/User/Water/Animated/frame0046.png' for reading
[file @ 000000000037ed00] Setting default whitelist 'file,crypto'
[AVIOContext @ 00000000003dfb00] Statistics: 2885 bytes read, 0 seeks
[image2 @ 0000000000342f20] Opening 'C:/Users/Dr.Seuss/Documents/School/Cmpt 276/animations/Renders/User/Water/Animated/frame0047.png' for reading
[file @ 000000000037ed00] Setting default whitelist 'file,crypto'
[AVIOContext @ 00000000003dfb00] Statistics: 2885 bytes read, 0 seeks
Input #0, image2, from 'C:/Users/Dr.Seuss/Documents/School/Cmpt 276/animations/Renders/User/Water/Animated/frame%04d.png':
  Duration: 00:00:01.92, start: 0.000000, bitrate: N/A
    Stream #0:0, 48, 1/25: Video: png, 1 reference frame, rgba(pc), 200x200 [SAR 11811:11811 DAR 1:1], 0/1, 25 fps, 25 tbr, 25 tbn, 25 tbc
Successfully opened the file.
Parsing a group of options: output url C:/Users/Dr.Seuss/Documents/School/Cmpt 276/animations/Renders/User/Water/Animated/palette.png.
Applying option vf (set video filters) with argument palettegen.
Successfully parsed a group of options.
Opening an output file: C:/Users/Dr.Seuss/Documents/School/Cmpt 276/animations/Renders/User/Water/Animated/palette.png.
Successfully opened the file.
detected 8 logical cores
Stream mapping:
  Stream #0:0 -> #0:0 (png (native) -> png (native))
cur_dts is invalid (this is harmless if it occurs once at the start per stream)
    Last message repeated 8 times
[graph 0 input from stream 0:0 @ 00000000003dac60] Setting 'video_size' to value '200x200'
[graph 0 input from stream 0:0 @ 00000000003dac60] Setting 'pix_fmt' to value '28'
[graph 0 input from stream 0:0 @ 00000000003dac60] Setting 'time_base' to value '1/24'
[graph 0 input from stream 0:0 @ 00000000003dac60] Setting 'pixel_aspect' to value '11811/11811'
[graph 0 input from stream 0:0 @ 00000000003dac60] Setting 'sws_param' to value 'flags=2'
[graph 0 input from stream 0:0 @ 00000000003dac60] Setting 'frame_rate' to value '24/1'
[graph 0 input from stream 0:0 @ 00000000003dac60] w:200 h:200 pixfmt:rgba tb:1/24 fr:24/1 sar:11811/11811 sws_param:flags=2
[format @ 0000000000350f80] compat: called with args=[rgb24|rgba|rgb48be|rgba64be|pal8|gray|ya8|gray16be|ya16be|monob]
[format @ 0000000000350f80] Setting 'pix_fmts' to value 'rgb24|rgba|rgb48be|rgba64be|pal8|gray|ya8|gray16be|ya16be|monob'
[auto_scaler_0 @ 0000000003aa7bc0] Setting 'flags' to value 'bicubic'
[auto_scaler_0 @ 0000000003aa7bc0] w:iw h:ih flags:'bicubic' interl:0
[Parsed_palettegen_0 @ 000000000034cc00] auto-inserting filter 'auto_scaler_0' between the filter 'graph 0 input from stream 0:0' and the filter 'Parsed_palettegen_0'
[auto_scaler_1 @ 0000000003a56ba0] Setting 'flags' to value 'bicubic'
[auto_scaler_1 @ 0000000003a56ba0] w:iw h:ih flags:'bicubic' interl:0
[format @ 0000000000350f80] auto-inserting filter 'auto_scaler_1' between the filter 'Parsed_palettegen_0' and the filter 'format'
[AVFilterGraph @ 0000000000376d80] query_formats: 4 queried, 1 merged, 2 already done, 0 delayed
[auto_scaler_1 @ 0000000003a56ba0] picking rgba out of 9 ref:bgra alpha:1
[swscaler @ 0000000003b2be20] Forcing full internal H chroma due to input having non subsampled chroma
[auto_scaler_0 @ 0000000003aa7bc0] w:200 h:200 fmt:rgba sar:11811/11811 -> w:200 h:200 fmt:bgra sar:1/1 flags:0x4
[swscaler @ 0000000004d400a0] Forcing full internal H chroma due to input having non subsampled chroma
[auto_scaler_1 @ 0000000003a56ba0] w:16 h:16 fmt:bgra sar:1/1 -> w:16 h:16 fmt:rgba sar:1/1 flags:0x4
Output #0, image2, to 'C:/Users/Dr.Seuss/Documents/School/Cmpt 276/animations/Renders/User/Water/Animated/palette.png':
  Metadata:
    encoder         : Lavf57.71.100
    Stream #0:0, 0, 1/24: Video: png, 1 reference frame, rgba, 16x16 [SAR 1:1 DAR 1:1], 0/1, q=2-31, 200 kb/s, 24 fps, 24 tbn, 24 tbc
    Metadata:
      encoder         : Lavc57.89.100 png
cur_dts is invalid (this is harmless if it occurs once at the start per stream)
    Last message repeated 47 times
[Parsed_palettegen_0 @ 000000000034cc00] 255(+1) colors generated out of 740 colors; ratio=0.344595
[Parsed_palettegen_0 @ 000000000034cc00] Dupped color: FF000000
    Last message repeated 4 times
[Parsed_palettegen_0 @ 000000000034cc00] Dupped color: FF010103
[Parsed_palettegen_0 @ 000000000034cc00] Dupped color: FF293567
[Parsed_palettegen_0 @ 000000000034cc00] Dupped color: FF3A4EA6
    Last message repeated 1 times
[Parsed_palettegen_0 @ 000000000034cc00] Dupped color: FF4457A9
    Last message repeated 7 times
[Parsed_palettegen_0 @ 000000000034cc00] Dupped color: FFFFFFFF
    Last message repeated 1 times
[swscaler @ 0000000004d400a0] Forcing full internal H chroma due to input having non subsampled chroma
[auto_scaler_1 @ 0000000003a56ba0] w:16 h:16 fmt:bgra sar:0/1 -> w:16 h:16 fmt:rgba sar:0/1 flags:0x4
cur_dts is invalid (this is harmless if it occurs once at the start per stream)
Clipping frame in rate conversion by 0.000008
cur_dts is invalid (this is harmless if it occurs once at the start per stream)
[out_0_0 @ 000000000037dc00] EOF on sink link out_0_0:default.
No more output streams to write to, finishing.
[image2 @ 00000000003d9b00] Opening 'C:/Users/Dr.Seuss/Documents/School/Cmpt 276/animations/Renders/User/Water/Animated/palette.png' for writing
[file @ 000000000035a7a0] Setting default whitelist 'file,crypto'
[AVIOContext @ 00000000003676e0] Statistics: 0 seeks, 1 writeouts
frame=    1 fps=0.0 q=-0.0 Lsize=N/A time=00:00:00.04 bitrate=N/A speed= 1.6x    
[AVIOContext @ 0000000000342e00] Statistics: 0 seeks, 1 writeouts
video:1kB audio:0kB subtitle:0kB other streams:0kB global headers:0kB muxing overhead: unknown
Input file #0 (C:/Users/Dr.Seuss/Documents/School/Cmpt 276/animations/Renders/User/Water/Animated/frame%04d.png):
  Input stream #0:0 (video): 48 packets read (149848 bytes); 48 frames decoded; 
  Total: 48 packets (149848 bytes) demuxed
Output file #0 (C:/Users/Dr.Seuss/Documents/School/Cmpt 276/animations/Renders/User/Water/Animated/palette.png):
  Output stream #0:0 (video): 1 frames encoded; 1 packets muxed (941 bytes); 
  Total: 1 packets (941 bytes) muxed
48 frames successfully decoded, 0 decoding errors
