ffmpeg version 3.3.3 Copyright (c) 2000-2017 the FFmpeg developers
  built with gcc 7.1.0 (GCC)
  configuration: --enable-gpl --enable-version3 --enable-cuda --enable-cuvid --enable-d3d11va --enable-dxva2 --enable-libmfx --enable-nvenc --enable-avisynth --enable-bzlib --enable-fontconfig --enable-frei0r --enable-gnutls --enable-iconv --enable-libass --enable-libbluray --enable-libbs2b --enable-libcaca --enable-libfreetype --enable-libgme --enable-libgsm --enable-libilbc --enable-libmodplug --enable-libmp3lame --enable-libopencore-amrnb --enable-libopencore-amrwb --enable-libopenh264 --enable-libopenjpeg --enable-libopus --enable-librtmp --enable-libsnappy --enable-libsoxr --enable-libspeex --enable-libtheora --enable-libtwolame --enable-libvidstab --enable-libvo-amrwbenc --enable-libvorbis --enable-libvpx --enable-libwavpack --enable-libwebp --enable-libx264 --enable-libx265 --enable-libxavs --enable-libxvid --enable-libzimg --enable-lzma --enable-zlib
  libavutil      55. 58.100 / 55. 58.100
  libavcodec     57. 89.100 / 57. 89.100
  libavformat    57. 71.100 / 57. 71.100
  libavdevice    57.  6.100 / 57.  6.100
  libavfilter     6. 82.100 /  6. 82.100
  libswscale      4.  6.100 /  4.  6.100
  libswresample   2.  7.100 /  2.  7.100
  libpostproc    54.  5.100 / 54.  5.100
Splitting the commandline.
Reading option '-v' ... matched as option 'v' (set logging level) with argument 'debug'.
Reading option '-nostdin' ... matched as option 'stdin' (enable or disable interaction on standard input) with argument 0.
Reading option '-progress' ... matched as option 'progress' (write program-readable progress information) with argument 'C:/Users/Dr.Seuss/AppData/Local/Temp/KritaFFmpegProgress.mU2296'.
Reading option '-r' ... matched as option 'r' (set frame rate (Hz value, fraction or abbreviation)) with argument '24'.
Reading option '-start_number' ... matched as AVOption 'start_number' with argument '0'.
Reading option '-i' ... matched as input url with argument 'C:/Users/Dr.Seuss/Documents/School/Cmpt 276/animations/Renders/User/Earth/Animated/frame%04d.png'.
Reading option '-vf' ... matched as option 'vf' (set video filters) with argument 'palettegen'.
Reading option '-y' ... matched as option 'y' (overwrite output files) with argument '1'.
Reading option 'C:/Users/Dr.Seuss/Documents/School/Cmpt 276/animations/Renders/User/Earth/Animated/palette.png' ... matched as output url.
Finished splitting the commandline.
Parsing a group of options: global .
Applying option v (set logging level) with argument debug.
Applying option nostdin (enable or disable interaction on standard input) with argument 0.
Applying option progress (write program-readable progress information) with argument C:/Users/Dr.Seuss/AppData/Local/Temp/KritaFFmpegProgress.mU2296.
[file @ 000000000045a860] Setting default whitelist 'file,crypto'
Applying option y (overwrite output files) with argument 1.
Successfully parsed a group of options.
Parsing a group of options: input url C:/Users/Dr.Seuss/Documents/School/Cmpt 276/animations/Renders/User/Earth/Animated/frame%04d.png.
Applying option r (set frame rate (Hz value, fraction or abbreviation)) with argument 24.
Successfully parsed a group of options.
Opening an input file: C:/Users/Dr.Seuss/Documents/School/Cmpt 276/animations/Renders/User/Earth/Animated/frame%04d.png.
[image2 @ 0000000000462f20] Opening 'C:/Users/Dr.Seuss/Documents/School/Cmpt 276/animations/Renders/User/Earth/Animated/frame0000.png' for reading
[file @ 000000000052acc0] Setting default whitelist 'file,crypto'
[AVIOContext @ 000000000052adc0] Statistics: 3683 bytes read, 0 seeks
[image2 @ 0000000000462f20] Opening 'C:/Users/Dr.Seuss/Documents/School/Cmpt 276/animations/Renders/User/Earth/Animated/frame0001.png' for reading
[file @ 000000000052ad60] Setting default whitelist 'file,crypto'
[AVIOContext @ 000000000049cd00] Statistics: 3508 bytes read, 0 seeks
[image2 @ 0000000000462f20] Opening 'C:/Users/Dr.Seuss/Documents/School/Cmpt 276/animations/Renders/User/Earth/Animated/frame0002.png' for reading
[file @ 000000000049dc20] Setting default whitelist 'file,crypto'
[AVIOContext @ 000000000049cd00] Statistics: 3706 bytes read, 0 seeks
[image2 @ 0000000000462f20] Opening 'C:/Users/Dr.Seuss/Documents/School/Cmpt 276/animations/Renders/User/Earth/Animated/frame0003.png' for reading
[file @ 000000000049dd60] Setting default whitelist 'file,crypto'
[AVIOContext @ 000000000049cd00] Statistics: 3659 bytes read, 0 seeks
[image2 @ 0000000000462f20] Opening 'C:/Users/Dr.Seuss/Documents/School/Cmpt 276/animations/Renders/User/Earth/Animated/frame0004.png' for reading
[file @ 000000000049de00] Setting default whitelist 'file,crypto'
[AVIOContext @ 000000000049cd00] Statistics: 3686 bytes read, 0 seeks
[image2 @ 0000000000462f20] Opening 'C:/Users/Dr.Seuss/Documents/School/Cmpt 276/animations/Renders/User/Earth/Animated/frame0005.png' for reading
[file @ 000000000049de00] Setting default whitelist 'file,crypto'
[AVIOContext @ 000000000049cd00] Statistics: 3383 bytes read, 0 seeks
[image2 @ 0000000000462f20] Opening 'C:/Users/Dr.Seuss/Documents/School/Cmpt 276/animations/Renders/User/Earth/Animated/frame0006.png' for reading
[file @ 000000000046bc60] Setting default whitelist 'file,crypto'
[AVIOContext @ 000000000049cd00] Statistics: 3388 bytes read, 0 seeks
[image2 @ 0000000000462f20] Opening 'C:/Users/Dr.Seuss/Documents/School/Cmpt 276/animations/Renders/User/Earth/Animated/frame0007.png' for reading
[file @ 000000000046bd00] Setting default whitelist 'file,crypto'
[AVIOContext @ 000000000049cd00] Statistics: 3381 bytes read, 0 seeks
[image2 @ 0000000000462f20] Opening 'C:/Users/Dr.Seuss/Documents/School/Cmpt 276/animations/Renders/User/Earth/Animated/frame0008.png' for reading
[file @ 000000000046be40] Setting default whitelist 'file,crypto'
[AVIOContext @ 000000000049cd00] Statistics: 3468 bytes read, 0 seeks
[image2 @ 0000000000462f20] Opening 'C:/Users/Dr.Seuss/Documents/School/Cmpt 276/animations/Renders/User/Earth/Animated/frame0009.png' for reading
[file @ 000000000046bee0] Setting default whitelist 'file,crypto'
[AVIOContext @ 000000000049cd00] Statistics: 3266 bytes read, 0 seeks
[image2 @ 0000000000462f20] Opening 'C:/Users/Dr.Seuss/Documents/School/Cmpt 276/animations/Renders/User/Earth/Animated/frame0010.png' for reading
[file @ 000000000052e6e0] Setting default whitelist 'file,crypto'
[AVIOContext @ 000000000049cd00] Statistics: 3234 bytes read, 0 seeks
[image2 @ 0000000000462f20] Opening 'C:/Users/Dr.Seuss/Documents/School/Cmpt 276/animations/Renders/User/Earth/Animated/frame0011.png' for reading
[file @ 000000000052f4c0] Setting default whitelist 'file,crypto'
[AVIOContext @ 000000000049cd00] Statistics: 3299 bytes read, 0 seeks
[image2 @ 0000000000462f20] Opening 'C:/Users/Dr.Seuss/Documents/School/Cmpt 276/animations/Renders/User/Earth/Animated/frame0012.png' for reading
[file @ 000000000049edc0] Setting default whitelist 'file,crypto'
[AVIOContext @ 000000000049cd00] Statistics: 3350 bytes read, 0 seeks
[image2 @ 0000000000462f20] Opening 'C:/Users/Dr.Seuss/Documents/School/Cmpt 276/animations/Renders/User/Earth/Animated/frame0013.png' for reading
[file @ 000000000049fc80] Setting default whitelist 'file,crypto'
[AVIOContext @ 000000000049cd00] Statistics: 3274 bytes read, 0 seeks
[image2 @ 0000000000462f20] Opening 'C:/Users/Dr.Seuss/Documents/School/Cmpt 276/animations/Renders/User/Earth/Animated/frame0014.png' for reading
[file @ 000000000049fc80] Setting default whitelist 'file,crypto'
[AVIOContext @ 000000000052f4c0] Statistics: 3254 bytes read, 0 seeks
[image2 @ 0000000000462f20] Opening 'C:/Users/Dr.Seuss/Documents/School/Cmpt 276/animations/Renders/User/Earth/Animated/frame0015.png' for reading
[file @ 000000000049fc80] Setting default whitelist 'file,crypto'
[AVIOContext @ 00000000004a9820] Statistics: 3312 bytes read, 0 seeks
[image2 @ 0000000000462f20] Opening 'C:/Users/Dr.Seuss/Documents/School/Cmpt 276/animations/Renders/User/Earth/Animated/frame0016.png' for reading
[file @ 000000000049fc80] Setting default whitelist 'file,crypto'
[AVIOContext @ 00000000004a9820] Statistics: 3329 bytes read, 0 seeks
[image2 @ 0000000000462f20] Opening 'C:/Users/Dr.Seuss/Documents/School/Cmpt 276/animations/Renders/User/Earth/Animated/frame0017.png' for reading
[file @ 000000000049fc80] Setting default whitelist 'file,crypto'
[AVIOContext @ 00000000004a9820] Statistics: 3145 bytes read, 0 seeks
[image2 @ 0000000000462f20] Opening 'C:/Users/Dr.Seuss/Documents/School/Cmpt 276/animations/Renders/User/Earth/Animated/frame0018.png' for reading
[file @ 000000000049fc80] Setting default whitelist 'file,crypto'
[AVIOContext @ 00000000004a9820] Statistics: 3200 bytes read, 0 seeks
[image2 @ 0000000000462f20] Opening 'C:/Users/Dr.Seuss/Documents/School/Cmpt 276/animations/Renders/User/Earth/Animated/frame0019.png' for reading
[file @ 000000000049fc80] Setting default whitelist 'file,crypto'
[AVIOContext @ 00000000004a9820] Statistics: 3261 bytes read, 0 seeks
[image2 @ 0000000000462f20] Opening 'C:/Users/Dr.Seuss/Documents/School/Cmpt 276/animations/Renders/User/Earth/Animated/frame0020.png' for reading
[file @ 000000000049fc80] Setting default whitelist 'file,crypto'
[AVIOContext @ 00000000004a9820] Statistics: 3214 bytes read, 0 seeks
[image2 @ 0000000000462f20] Opening 'C:/Users/Dr.Seuss/Documents/School/Cmpt 276/animations/Renders/User/Earth/Animated/frame0021.png' for reading
[file @ 000000000049fc80] Setting default whitelist 'file,crypto'
[AVIOContext @ 00000000004a9820] Statistics: 3169 bytes read, 0 seeks
[image2 @ 0000000000462f20] Opening 'C:/Users/Dr.Seuss/Documents/School/Cmpt 276/animations/Renders/User/Earth/Animated/frame0022.png' for reading
[file @ 000000000049fc80] Setting default whitelist 'file,crypto'
[AVIOContext @ 00000000004a9820] Statistics: 3244 bytes read, 0 seeks
[image2 @ 0000000000462f20] Opening 'C:/Users/Dr.Seuss/Documents/School/Cmpt 276/animations/Renders/User/Earth/Animated/frame0023.png' for reading
[file @ 000000000049fc80] Setting default whitelist 'file,crypto'
[AVIOContext @ 00000000004a9820] Statistics: 3286 bytes read, 0 seeks
[image2 @ 0000000000462f20] Opening 'C:/Users/Dr.Seuss/Documents/School/Cmpt 276/animations/Renders/User/Earth/Animated/frame0024.png' for reading
[file @ 000000000049fc80] Setting default whitelist 'file,crypto'
[AVIOContext @ 00000000004a9820] Statistics: 3286 bytes read, 0 seeks
[image2 @ 0000000000462f20] Opening 'C:/Users/Dr.Seuss/Documents/School/Cmpt 276/animations/Renders/User/Earth/Animated/frame0025.png' for reading
[file @ 000000000049fc80] Setting default whitelist 'file,crypto'
[AVIOContext @ 00000000004a9820] Statistics: 3009 bytes read, 0 seeks
[image2 @ 0000000000462f20] Opening 'C:/Users/Dr.Seuss/Documents/School/Cmpt 276/animations/Renders/User/Earth/Animated/frame0026.png' for reading
[file @ 000000000049fc80] Setting default whitelist 'file,crypto'
[AVIOContext @ 00000000004a9820] Statistics: 3230 bytes read, 0 seeks
[image2 @ 0000000000462f20] Opening 'C:/Users/Dr.Seuss/Documents/School/Cmpt 276/animations/Renders/User/Earth/Animated/frame0027.png' for reading
[file @ 000000000049fc80] Setting default whitelist 'file,crypto'
[AVIOContext @ 00000000004a9820] Statistics: 3237 bytes read, 0 seeks
[image2 @ 0000000000462f20] Opening 'C:/Users/Dr.Seuss/Documents/School/Cmpt 276/animations/Renders/User/Earth/Animated/frame0028.png' for reading
[file @ 000000000049fc80] Setting default whitelist 'file,crypto'
[AVIOContext @ 00000000004a9820] Statistics: 3309 bytes read, 0 seeks
[image2 @ 0000000000462f20] Opening 'C:/Users/Dr.Seuss/Documents/School/Cmpt 276/animations/Renders/User/Earth/Animated/frame0029.png' for reading
[file @ 000000000049fc80] Setting default whitelist 'file,crypto'
[AVIOContext @ 00000000004a9820] Statistics: 3342 bytes read, 0 seeks
[image2 @ 0000000000462f20] Opening 'C:/Users/Dr.Seuss/Documents/School/Cmpt 276/animations/Renders/User/Earth/Animated/frame0030.png' for reading
[file @ 000000000049fc80] Setting default whitelist 'file,crypto'
[AVIOContext @ 00000000004a9820] Statistics: 3459 bytes read, 0 seeks
[image2 @ 0000000000462f20] Opening 'C:/Users/Dr.Seuss/Documents/School/Cmpt 276/animations/Renders/User/Earth/Animated/frame0031.png' for reading
[file @ 000000000049fc80] Setting default whitelist 'file,crypto'
[AVIOContext @ 00000000004a9820] Statistics: 3460 bytes read, 0 seeks
[image2 @ 0000000000462f20] Opening 'C:/Users/Dr.Seuss/Documents/School/Cmpt 276/animations/Renders/User/Earth/Animated/frame0032.png' for reading
[file @ 000000000049fc80] Setting default whitelist 'file,crypto'
[AVIOContext @ 00000000004a9820] Statistics: 3577 bytes read, 0 seeks
[image2 @ 0000000000462f20] Opening 'C:/Users/Dr.Seuss/Documents/School/Cmpt 276/animations/Renders/User/Earth/Animated/frame0033.png' for reading
[file @ 000000000049fc80] Setting default whitelist 'file,crypto'
[AVIOContext @ 00000000004a9820] Statistics: 3421 bytes read, 0 seeks
[image2 @ 0000000000462f20] Opening 'C:/Users/Dr.Seuss/Documents/School/Cmpt 276/animations/Renders/User/Earth/Animated/frame0034.png' for reading
[file @ 000000000049fc80] Setting default whitelist 'file,crypto'
[AVIOContext @ 00000000004a9820] Statistics: 3407 bytes read, 0 seeks
[image2 @ 0000000000462f20] Opening 'C:/Users/Dr.Seuss/Documents/School/Cmpt 276/animations/Renders/User/Earth/Animated/frame0035.png' for reading
[file @ 000000000049fc80] Setting default whitelist 'file,crypto'
[AVIOContext @ 00000000004a9820] Statistics: 3338 bytes read, 0 seeks
[image2 @ 0000000000462f20] Opening 'C:/Users/Dr.Seuss/Documents/School/Cmpt 276/animations/Renders/User/Earth/Animated/frame0036.png' for reading
[file @ 000000000049fc80] Setting default whitelist 'file,crypto'
[AVIOContext @ 00000000004a9820] Statistics: 3524 bytes read, 0 seeks
[image2 @ 0000000000462f20] Opening 'C:/Users/Dr.Seuss/Documents/School/Cmpt 276/animations/Renders/User/Earth/Animated/frame0037.png' for reading
[file @ 000000000049fc80] Setting default whitelist 'file,crypto'
[AVIOContext @ 00000000004a9820] Statistics: 3298 bytes read, 0 seeks
[image2 @ 0000000000462f20] Opening 'C:/Users/Dr.Seuss/Documents/School/Cmpt 276/animations/Renders/User/Earth/Animated/frame0038.png' for reading
[file @ 000000000049fc80] Setting default whitelist 'file,crypto'
[AVIOContext @ 00000000004a9820] Statistics: 3326 bytes read, 0 seeks
[image2 @ 0000000000462f20] Opening 'C:/Users/Dr.Seuss/Documents/School/Cmpt 276/animations/Renders/User/Earth/Animated/frame0039.png' for reading
[file @ 000000000049fc80] Setting default whitelist 'file,crypto'
[AVIOContext @ 00000000004a9820] Statistics: 3273 bytes read, 0 seeks
[image2 @ 0000000000462f20] Opening 'C:/Users/Dr.Seuss/Documents/School/Cmpt 276/animations/Renders/User/Earth/Animated/frame0040.png' for reading
[file @ 000000000049fc80] Setting default whitelist 'file,crypto'
[AVIOContext @ 00000000004a9820] Statistics: 3417 bytes read, 0 seeks
[image2 @ 0000000000462f20] Opening 'C:/Users/Dr.Seuss/Documents/School/Cmpt 276/animations/Renders/User/Earth/Animated/frame0041.png' for reading
[file @ 000000000049fc80] Setting default whitelist 'file,crypto'
[AVIOContext @ 00000000004a9820] Statistics: 3412 bytes read, 0 seeks
[image2 @ 0000000000462f20] Opening 'C:/Users/Dr.Seuss/Documents/School/Cmpt 276/animations/Renders/User/Earth/Animated/frame0042.png' for reading
[file @ 000000000049fc80] Setting default whitelist 'file,crypto'
[AVIOContext @ 00000000004a9820] Statistics: 3303 bytes read, 0 seeks
[image2 @ 0000000000462f20] Opening 'C:/Users/Dr.Seuss/Documents/School/Cmpt 276/animations/Renders/User/Earth/Animated/frame0043.png' for reading
[file @ 000000000049fc80] Setting default whitelist 'file,crypto'
[AVIOContext @ 00000000004a9820] Statistics: 3445 bytes read, 0 seeks
[image2 @ 0000000000462f20] Opening 'C:/Users/Dr.Seuss/Documents/School/Cmpt 276/animations/Renders/User/Earth/Animated/frame0044.png' for reading
[file @ 000000000049fc80] Setting default whitelist 'file,crypto'
[AVIOContext @ 00000000004a9820] Statistics: 3462 bytes read, 0 seeks
[image2 @ 0000000000462f20] Opening 'C:/Users/Dr.Seuss/Documents/School/Cmpt 276/animations/Renders/User/Earth/Animated/frame0045.png' for reading
[file @ 000000000049fc80] Setting default whitelist 'file,crypto'
[AVIOContext @ 00000000004a9820] Statistics: 3103 bytes read, 0 seeks
[image2 @ 0000000000462f20] Opening 'C:/Users/Dr.Seuss/Documents/School/Cmpt 276/animations/Renders/User/Earth/Animated/frame0046.png' for reading
[file @ 000000000049fc80] Setting default whitelist 'file,crypto'
[AVIOContext @ 00000000004a9820] Statistics: 3052 bytes read, 0 seeks
[image2 @ 0000000000462f20] Opening 'C:/Users/Dr.Seuss/Documents/School/Cmpt 276/animations/Renders/User/Earth/Animated/frame0047.png' for reading
[file @ 000000000049fc80] Setting default whitelist 'file,crypto'
[AVIOContext @ 00000000004a9820] Statistics: 3125 bytes read, 0 seeks
[image2 @ 0000000000462f20] Opening 'C:/Users/Dr.Seuss/Documents/School/Cmpt 276/animations/Renders/User/Earth/Animated/frame0048.png' for reading
[file @ 000000000049fc80] Setting default whitelist 'file,crypto'
[AVIOContext @ 00000000004a9820] Statistics: 3139 bytes read, 0 seeks
[image2 @ 0000000000462f20] Opening 'C:/Users/Dr.Seuss/Documents/School/Cmpt 276/animations/Renders/User/Earth/Animated/frame0049.png' for reading
[file @ 000000000049fc80] Setting default whitelist 'file,crypto'
[AVIOContext @ 00000000004a9820] Statistics: 2992 bytes read, 0 seeks
[image2 @ 0000000000462f20] Opening 'C:/Users/Dr.Seuss/Documents/School/Cmpt 276/animations/Renders/User/Earth/Animated/frame0050.png' for reading
[file @ 000000000049fc80] Setting default whitelist 'file,crypto'
[AVIOContext @ 00000000004a9820] Statistics: 3080 bytes read, 0 seeks
[image2 @ 0000000000462f20] Opening 'C:/Users/Dr.Seuss/Documents/School/Cmpt 276/animations/Renders/User/Earth/Animated/frame0051.png' for reading
[file @ 000000000049fc80] Setting default whitelist 'file,crypto'
[AVIOContext @ 00000000004a9820] Statistics: 3100 bytes read, 0 seeks
[image2 @ 0000000000462f20] Opening 'C:/Users/Dr.Seuss/Documents/School/Cmpt 276/animations/Renders/User/Earth/Animated/frame0052.png' for reading
[file @ 000000000049fc80] Setting default whitelist 'file,crypto'
[AVIOContext @ 00000000004a9820] Statistics: 3251 bytes read, 0 seeks
[image2 @ 0000000000462f20] Opening 'C:/Users/Dr.Seuss/Documents/School/Cmpt 276/animations/Renders/User/Earth/Animated/frame0053.png' for reading
[file @ 000000000049fc80] Setting default whitelist 'file,crypto'
[AVIOContext @ 00000000004a9820] Statistics: 3222 bytes read, 0 seeks
[image2 @ 0000000000462f20] Opening 'C:/Users/Dr.Seuss/Documents/School/Cmpt 276/animations/Renders/User/Earth/Animated/frame0054.png' for reading
[file @ 000000000049fc80] Setting default whitelist 'file,crypto'
[AVIOContext @ 00000000004a9820] Statistics: 3283 bytes read, 0 seeks
[image2 @ 0000000000462f20] Opening 'C:/Users/Dr.Seuss/Documents/School/Cmpt 276/animations/Renders/User/Earth/Animated/frame0055.png' for reading
[file @ 000000000049fc80] Setting default whitelist 'file,crypto'
[AVIOContext @ 00000000004a9820] Statistics: 3408 bytes read, 0 seeks
[image2 @ 0000000000462f20] Opening 'C:/Users/Dr.Seuss/Documents/School/Cmpt 276/animations/Renders/User/Earth/Animated/frame0056.png' for reading
[file @ 000000000049fc80] Setting default whitelist 'file,crypto'
[AVIOContext @ 00000000004a9820] Statistics: 3350 bytes read, 0 seeks
[image2 @ 0000000000462f20] Opening 'C:/Users/Dr.Seuss/Documents/School/Cmpt 276/animations/Renders/User/Earth/Animated/frame0057.png' for reading
[file @ 000000000049fc80] Setting default whitelist 'file,crypto'
[AVIOContext @ 00000000004a9820] Statistics: 3340 bytes read, 0 seeks
[image2 @ 0000000000462f20] Opening 'C:/Users/Dr.Seuss/Documents/School/Cmpt 276/animations/Renders/User/Earth/Animated/frame0058.png' for reading
[file @ 000000000049fc80] Setting default whitelist 'file,crypto'
[AVIOContext @ 00000000004a9820] Statistics: 3502 bytes read, 0 seeks
[image2 @ 0000000000462f20] Opening 'C:/Users/Dr.Seuss/Documents/School/Cmpt 276/animations/Renders/User/Earth/Animated/frame0059.png' for reading
[file @ 000000000049fc80] Setting default whitelist 'file,crypto'
[AVIOContext @ 00000000004a9820] Statistics: 3273 bytes read, 0 seeks
[image2 @ 0000000000462f20] Opening 'C:/Users/Dr.Seuss/Documents/School/Cmpt 276/animations/Renders/User/Earth/Animated/frame0060.png' for reading
[file @ 000000000049fc80] Setting default whitelist 'file,crypto'
[AVIOContext @ 00000000004a9820] Statistics: 3290 bytes read, 0 seeks
[image2 @ 0000000000462f20] Opening 'C:/Users/Dr.Seuss/Documents/School/Cmpt 276/animations/Renders/User/Earth/Animated/frame0061.png' for reading
[file @ 000000000049fc80] Setting default whitelist 'file,crypto'
[AVIOContext @ 00000000004a9820] Statistics: 3315 bytes read, 0 seeks
[image2 @ 0000000000462f20] Opening 'C:/Users/Dr.Seuss/Documents/School/Cmpt 276/animations/Renders/User/Earth/Animated/frame0062.png' for reading
[file @ 000000000049fc80] Setting default whitelist 'file,crypto'
[AVIOContext @ 00000000004a9820] Statistics: 3431 bytes read, 0 seeks
[image2 @ 0000000000462f20] Opening 'C:/Users/Dr.Seuss/Documents/School/Cmpt 276/animations/Renders/User/Earth/Animated/frame0063.png' for reading
[file @ 000000000049fc80] Setting default whitelist 'file,crypto'
[AVIOContext @ 00000000004a9820] Statistics: 3596 bytes read, 0 seeks
Input #0, image2, from 'C:/Users/Dr.Seuss/Documents/School/Cmpt 276/animations/Renders/User/Earth/Animated/frame%04d.png':
  Duration: 00:00:02.56, start: 0.000000, bitrate: N/A
    Stream #0:0, 64, 1/25: Video: png, 1 reference frame, rgba(pc), 200x200 [SAR 11811:11811 DAR 1:1], 0/1, 25 fps, 25 tbr, 25 tbn, 25 tbc
Successfully opened the file.
Parsing a group of options: output url C:/Users/Dr.Seuss/Documents/School/Cmpt 276/animations/Renders/User/Earth/Animated/palette.png.
Applying option vf (set video filters) with argument palettegen.
Successfully parsed a group of options.
Opening an output file: C:/Users/Dr.Seuss/Documents/School/Cmpt 276/animations/Renders/User/Earth/Animated/palette.png.
Successfully opened the file.
detected 8 logical cores
Stream mapping:
  Stream #0:0 -> #0:0 (png (native) -> png (native))
cur_dts is invalid (this is harmless if it occurs once at the start per stream)
    Last message repeated 8 times
[graph 0 input from stream 0:0 @ 000000000052acc0] Setting 'video_size' to value '200x200'
[graph 0 input from stream 0:0 @ 000000000052acc0] Setting 'pix_fmt' to value '28'
[graph 0 input from stream 0:0 @ 000000000052acc0] Setting 'time_base' to value '1/24'
[graph 0 input from stream 0:0 @ 000000000052acc0] Setting 'pixel_aspect' to value '11811/11811'
[graph 0 input from stream 0:0 @ 000000000052acc0] Setting 'sws_param' to value 'flags=2'
[graph 0 input from stream 0:0 @ 000000000052acc0] Setting 'frame_rate' to value '24/1'
[graph 0 input from stream 0:0 @ 000000000052acc0] w:200 h:200 pixfmt:rgba tb:1/24 fr:24/1 sar:11811/11811 sws_param:flags=2
[format @ 0000000003950480] compat: called with args=[rgb24|rgba|rgb48be|rgba64be|pal8|gray|ya8|gray16be|ya16be|monob]
[format @ 0000000003950480] Setting 'pix_fmts' to value 'rgb24|rgba|rgb48be|rgba64be|pal8|gray|ya8|gray16be|ya16be|monob'
[auto_scaler_0 @ 0000000003950560] Setting 'flags' to value 'bicubic'
[auto_scaler_0 @ 0000000003950560] w:iw h:ih flags:'bicubic' interl:0
[Parsed_palettegen_0 @ 000000000049dd20] auto-inserting filter 'auto_scaler_0' between the filter 'graph 0 input from stream 0:0' and the filter 'Parsed_palettegen_0'
[auto_scaler_1 @ 0000000000473ea0] Setting 'flags' to value 'bicubic'
[auto_scaler_1 @ 0000000000473ea0] w:iw h:ih flags:'bicubic' interl:0
[format @ 0000000003950480] auto-inserting filter 'auto_scaler_1' between the filter 'Parsed_palettegen_0' and the filter 'format'
[AVFilterGraph @ 0000000000496ac0] query_formats: 4 queried, 1 merged, 2 already done, 0 delayed
[auto_scaler_1 @ 0000000000473ea0] picking rgba out of 9 ref:bgra alpha:1
[swscaler @ 00000000039fbe00] Forcing full internal H chroma due to input having non subsampled chroma
[auto_scaler_0 @ 0000000003950560] w:200 h:200 fmt:rgba sar:11811/11811 -> w:200 h:200 fmt:bgra sar:1/1 flags:0x4
[swscaler @ 0000000004c100a0] Forcing full internal H chroma due to input having non subsampled chroma
[auto_scaler_1 @ 0000000000473ea0] w:16 h:16 fmt:bgra sar:1/1 -> w:16 h:16 fmt:rgba sar:1/1 flags:0x4
Output #0, image2, to 'C:/Users/Dr.Seuss/Documents/School/Cmpt 276/animations/Renders/User/Earth/Animated/palette.png':
  Metadata:
    encoder         : Lavf57.71.100
    Stream #0:0, 0, 1/24: Video: png, 1 reference frame, rgba, 16x16 [SAR 1:1 DAR 1:1], 0/1, q=2-31, 200 kb/s, 24 fps, 24 tbn, 24 tbc
    Metadata:
      encoder         : Lavc57.89.100 png
cur_dts is invalid (this is harmless if it occurs once at the start per stream)
    Last message repeated 63 times
[Parsed_palettegen_0 @ 000000000049dd20] 255(+1) colors generated out of 392 colors; ratio=0.650510
[Parsed_palettegen_0 @ 000000000049dd20] Dupped color: FF000000
    Last message repeated 15 times
[Parsed_palettegen_0 @ 000000000049dd20] Dupped color: FF010000
[Parsed_palettegen_0 @ 000000000049dd20] Dupped color: FF010100
[Parsed_palettegen_0 @ 000000000049dd20] Dupped color: FF010101
[Parsed_palettegen_0 @ 000000000049dd20] Dupped color: FF020101
    Last message repeated 2 times
[Parsed_palettegen_0 @ 000000000049dd20] Dupped color: FF020201
    Last message repeated 1 times
[Parsed_palettegen_0 @ 000000000049dd20] Dupped color: FF030201
[Parsed_palettegen_0 @ 000000000049dd20] Dupped color: FF040202
[Parsed_palettegen_0 @ 000000000049dd20] Dupped color: FF040302
[Parsed_palettegen_0 @ 000000000049dd20] Dupped color: FF050302
[Parsed_palettegen_0 @ 000000000049dd20] Dupped color: FF050402
[Parsed_palettegen_0 @ 000000000049dd20] Dupped color: FF060403
    Last message repeated 1 times
[Parsed_palettegen_0 @ 000000000049dd20] Dupped color: FF070503
    Last message repeated 1 times
[Parsed_palettegen_0 @ 000000000049dd20] Dupped color: FF090604
[Parsed_palettegen_0 @ 000000000049dd20] Dupped color: FF0D0906
[Parsed_palettegen_0 @ 000000000049dd20] Dupped color: FF0F0A07
[Parsed_palettegen_0 @ 000000000049dd20] Dupped color: FF120C08
[Parsed_palettegen_0 @ 000000000049dd20] Dupped color: FF120D08
[Parsed_palettegen_0 @ 000000000049dd20] Dupped color: FF281B12
[Parsed_palettegen_0 @ 000000000049dd20] Dupped color: FF352417
[Parsed_palettegen_0 @ 000000000049dd20] Dupped color: FF64442C
[Parsed_palettegen_0 @ 000000000049dd20] Dupped color: FFFFFFFF
    Last message repeated 2 times
[swscaler @ 0000000004c100a0] Forcing full internal H chroma due to input having non subsampled chroma
[auto_scaler_1 @ 0000000000473ea0] w:16 h:16 fmt:bgra sar:0/1 -> w:16 h:16 fmt:rgba sar:0/1 flags:0x4
cur_dts is invalid (this is harmless if it occurs once at the start per stream)
Clipping frame in rate conversion by 0.000008
cur_dts is invalid (this is harmless if it occurs once at the start per stream)
[out_0_0 @ 00000000039503c0] EOF on sink link out_0_0:default.
No more output streams to write to, finishing.
[image2 @ 0000000000529b00] Opening 'C:/Users/Dr.Seuss/Documents/School/Cmpt 276/animations/Renders/User/Earth/Animated/palette.png' for writing
[file @ 0000000000475fa0] Setting default whitelist 'file,crypto'
[AVIOContext @ 00000000004a0960] Statistics: 0 seeks, 1 writeouts
frame=    1 fps=0.0 q=-0.0 Lsize=N/A time=00:00:00.04 bitrate=N/A speed=1.13x    
[AVIOContext @ 0000000000462e00] Statistics: 0 seeks, 1 writeouts
video:1kB audio:0kB subtitle:0kB other streams:0kB global headers:0kB muxing overhead: unknown
Input file #0 (C:/Users/Dr.Seuss/Documents/School/Cmpt 276/animations/Renders/User/Earth/Animated/frame%04d.png):
  Input stream #0:0 (video): 64 packets read (213086 bytes); 64 frames decoded; 
  Total: 64 packets (213086 bytes) demuxed
Output file #0 (C:/Users/Dr.Seuss/Documents/School/Cmpt 276/animations/Renders/User/Earth/Animated/palette.png):
  Output stream #0:0 (video): 1 frames encoded; 1 packets muxed (723 bytes); 
  Total: 1 packets (723 bytes) muxed
64 frames successfully decoded, 0 decoding errors
